TN:
SF:src\api\authAPI.ts
FN:6,(anonymous_0)
FN:11,(anonymous_1)
FN:16,(anonymous_2)
FNF:3
FNH:3
FNDA:2,(anonymous_0)
FNDA:1,(anonymous_1)
FNDA:1,(anonymous_2)
DA:5,1
DA:7,2
DA:8,2
DA:12,1
DA:13,1
DA:17,1
LF:6
LH:6
BRF:0
BRH:0
end_of_record
TN:
SF:src\api\axiosClient.ts
FN:11,(anonymous_0)
FN:19,(anonymous_1)
FN:20,(anonymous_2)
FNF:3
FNH:3
FNDA:29,(anonymous_0)
FNDA:23,(anonymous_1)
FNDA:6,(anonymous_2)
DA:5,2
DA:11,2
DA:12,29
DA:13,29
DA:14,22
DA:16,29
DA:19,2
DA:20,23
DA:22,6
DA:23,6
DA:25,6
DA:26,2
DA:27,2
DA:30,6
DA:37,6
LF:15
LH:15
BRDA:6,0,0,2
BRDA:6,0,1,0
BRDA:13,1,0,22
BRDA:13,1,1,7
BRDA:25,2,0,2
BRDA:25,2,1,4
BRDA:31,3,0,6
BRDA:31,3,1,1
BRDA:32,4,0,6
BRDA:32,4,1,1
BRDA:33,5,0,6
BRDA:33,5,1,1
BRDA:34,6,0,6
BRDA:34,6,1,5
BRF:14
BRH:13
end_of_record
TN:
SF:src\api\categoryAPI.ts
FN:6,(anonymous_0)
FN:11,(anonymous_1)
FNF:2
FNH:2
FNDA:1,(anonymous_0)
FNDA:2,(anonymous_1)
DA:5,1
DA:7,1
DA:8,1
DA:12,2
DA:13,2
LF:5
LH:5
BRF:0
BRH:0
end_of_record
TN:
SF:src\api\todoAPI.ts
FN:6,(anonymous_0)
FN:11,(anonymous_1)
FN:16,(anonymous_2)
FN:21,(anonymous_3)
FN:26,(anonymous_4)
FNF:5
FNH:5
FNDA:3,(anonymous_0)
FNDA:2,(anonymous_1)
FNDA:1,(anonymous_2)
FNDA:2,(anonymous_3)
FNDA:1,(anonymous_4)
DA:5,1
DA:7,3
DA:8,3
DA:12,2
DA:13,2
DA:17,1
DA:18,1
DA:22,2
DA:23,2
DA:27,1
LF:10
LH:10
BRF:0
BRH:0
end_of_record
TN:
SF:src\api\userAPI.ts
FN:5,(anonymous_0)
FN:10,(anonymous_1)
FNF:2
FNH:2
FNDA:3,(anonymous_0)
FNDA:1,(anonymous_1)
DA:4,1
DA:6,3
DA:7,3
DA:11,1
LF:4
LH:4
BRF:0
BRH:0
end_of_record
TN:
SF:src\components\Common\Button.tsx
FN:24,Button
FNF:1
FNH:1
FNDA:777,Button
DA:13,5
DA:18,5
DA:33,777
LF:3
LH:3
BRDA:25,0,0,777
BRDA:26,1,0,777
BRDA:27,2,0,777
BRDA:30,3,0,777
BRDA:36,4,0,777
BRDA:36,4,1,775
BRDA:40,5,0,5
BRDA:40,5,1,772
BRF:8
BRH:8
end_of_record
TN:
SF:src\components\Common\Checkbox.tsx
FN:9,Checkbox
FN:20,(anonymous_1)
FNF:2
FNH:2
FNDA:24,Checkbox
FNDA:2,(anonymous_1)
DA:10,24
DA:12,24
DA:20,2
LF:3
LH:3
BRDA:10,0,0,24
BRDA:10,0,1,4
BRDA:10,1,0,4
BRDA:10,1,1,0
BRDA:22,2,0,24
BRDA:22,2,1,4
BRF:6
BRH:5
end_of_record
TN:
SF:src\components\Common\Dropdown.tsx
FN:15,Dropdown
FN:22,(anonymous_1)
FN:30,(anonymous_2)
FNF:3
FNH:3
FNDA:202,Dropdown
FNDA:8,(anonymous_1)
FNDA:459,(anonymous_2)
DA:16,202
DA:22,8
DA:31,459
LF:3
LH:3
BRDA:20,0,0,202
BRDA:20,0,1,4
BRDA:25,1,0,202
BRDA:25,1,1,198
BRF:4
BRH:4
end_of_record
TN:
SF:src\components\Common\ErrorBoundary.tsx
FN:12,(anonymous_0)
FN:17,(anonymous_1)
FN:21,(anonymous_2)
FNF:3
FNH:0
FNDA:0,(anonymous_0)
FNDA:0,(anonymous_1)
FNDA:0,(anonymous_2)
DA:13,0
DA:14,0
DA:18,0
DA:22,0
DA:23,0
DA:25,0
LF:6
LH:0
BRDA:22,0,0,0
BRDA:22,0,1,0
BRF:2
BRH:0
end_of_record
TN:
SF:src\components\Common\Input.tsx
FN:9,(anonymous_0)
FNF:1
FNH:1
FNDA:1517,(anonymous_0)
DA:9,5
DA:11,1517
DA:13,1517
DA:37,5
LF:4
LH:4
BRDA:10,0,0,1517
BRDA:11,1,0,1517
BRDA:11,1,1,1517
BRDA:11,2,0,1516
BRDA:11,2,1,1
BRDA:15,3,0,1517
BRDA:15,3,1,1516
BRDA:23,4,0,24
BRDA:23,4,1,1493
BRDA:25,5,0,24
BRDA:25,5,1,1493
BRDA:25,6,0,1517
BRDA:25,6,1,24
BRDA:28,7,0,1517
BRDA:28,7,1,24
BRDA:29,8,0,24
BRDA:29,8,1,0
BRF:17
BRH:16
end_of_record
TN:
SF:src\components\Common\Modal.tsx
FN:12,Modal
FN:13,(anonymous_1)
FN:19,(anonymous_2)
FN:24,(anonymous_3)
FN:44,(anonymous_4)
FNF:5
FNH:5
FNDA:200,Modal
FNDA:103,(anonymous_1)
FNDA:39,(anonymous_2)
FNDA:48,(anonymous_3)
FNDA:44,(anonymous_4)
DA:13,200
DA:14,103
DA:16,48
DA:17,48
DA:19,48
DA:20,39
DA:22,48
DA:24,48
DA:25,48
DA:26,48
DA:30,200
DA:32,132
DA:44,44
LF:13
LH:13
BRDA:14,0,0,55
BRDA:14,0,1,48
BRDA:20,1,0,2
BRDA:20,1,1,37
BRDA:30,2,0,68
BRDA:30,2,1,132
BRDA:47,3,0,132
BRDA:47,3,1,124
BRF:8
BRH:8
end_of_record
TN:
SF:src\components\Common\Spinner.tsx
FN:7,Spinner
FNF:1
FNH:1
FNDA:10,Spinner
DA:8,10
LF:1
LH:1
BRDA:7,0,0,10
BRF:1
BRH:1
end_of_record
TN:
SF:src\components\Common\Toast.tsx
FN:4,Toast
FN:5,(anonymous_1)
FN:6,(anonymous_2)
FN:8,(anonymous_3)
FN:11,(anonymous_4)
FNF:5
FNH:5
FNDA:6,Toast
FNDA:19,(anonymous_1)
FNDA:19,(anonymous_2)
FNDA:6,(anonymous_3)
FNDA:4,(anonymous_4)
DA:5,19
DA:6,19
DA:8,6
DA:9,6
DA:10,4
DA:11,4
DA:14,6
DA:16,4
LF:8
LH:8
BRDA:9,0,0,2
BRDA:9,0,1,4
BRDA:14,1,0,2
BRDA:14,1,1,4
BRF:4
BRH:4
end_of_record
TN:
SF:src\components\Common\index.ts
FNF:0
FNH:0
LF:0
LH:0
BRF:0
BRH:0
end_of_record
TN:
SF:src\components\Todo\TodoFilters.tsx
FN:12,TodoFilters
FN:18,(anonymous_1)
FN:34,(anonymous_2)
FN:42,(anonymous_3)
FN:54,(anonymous_4)
FN:65,(anonymous_5)
FNF:6
FNH:6
FNDA:44,TodoFilters
FNDA:50,(anonymous_1)
FNDA:1,(anonymous_2)
FNDA:1,(anonymous_3)
FNDA:1,(anonymous_4)
FNDA:1,(anonymous_5)
DA:6,2
DA:13,44
DA:14,44
DA:16,44
DA:18,50
DA:22,44
DA:28,44
DA:34,1
DA:43,1
DA:54,1
DA:65,1
LF:11
LH:11
BRDA:18,0,0,44
BRDA:18,0,1,0
BRDA:22,1,0,1
BRDA:22,1,1,43
BRDA:22,2,0,44
BRDA:22,2,1,3
BRDA:22,2,2,2
BRDA:33,3,0,44
BRDA:33,3,1,42
BRDA:34,4,0,1
BRDA:34,4,1,0
BRDA:41,5,0,42
BRDA:41,5,1,2
BRDA:43,6,0,0
BRDA:43,6,1,1
BRDA:53,7,0,44
BRDA:53,7,1,41
BRDA:54,8,0,1
BRDA:54,8,1,0
BRDA:64,9,0,44
BRDA:64,9,1,41
BRDA:65,10,0,1
BRDA:65,10,1,0
BRDA:70,11,0,44
BRDA:70,11,1,1
BRF:25
BRH:20
end_of_record
TN:
SF:src\components\Todo\TodoFormModal.tsx
FN:19,getTodayString
FN:23,validateTitle
FN:29,validateDueDate
FN:34,validateCategory
FN:38,TodoFormModal
FN:40,(anonymous_5)
FN:59,(anonymous_6)
FN:78,(anonymous_7)
FN:80,handleAddNewCategory
FN:82,(anonymous_9)
FN:88,(anonymous_10)
FN:92,(anonymous_11)
FN:94,(anonymous_12)
FN:97,(anonymous_13)
FN:106,handleSubmit
FN:131,(anonymous_15)
FN:135,(anonymous_16)
FN:142,(anonymous_17)
FN:146,(anonymous_18)
FN:162,(anonymous_19)
FN:170,(anonymous_20)
FN:181,(anonymous_21)
FN:193,(anonymous_22)
FN:203,(anonymous_23)
FN:222,(anonymous_24)
FN:225,(anonymous_25)
FN:243,(anonymous_26)
FNF:27
FNH:22
FNDA:141,getTodayString
FNDA:8,validateTitle
FNDA:8,validateDueDate
FNDA:8,validateCategory
FNDA:139,TodoFormModal
FNDA:423,(anonymous_5)
FNDA:42,(anonymous_6)
FNDA:240,(anonymous_7)
FNDA:4,handleAddNewCategory
FNDA:1,(anonymous_9)
FNDA:1,(anonymous_10)
FNDA:1,(anonymous_11)
FNDA:1,(anonymous_12)
FNDA:1,(anonymous_13)
FNDA:8,handleSubmit
FNDA:1,(anonymous_15)
FNDA:0,(anonymous_16)
FNDA:2,(anonymous_17)
FNDA:1,(anonymous_18)
FNDA:28,(anonymous_19)
FNDA:0,(anonymous_20)
FNDA:5,(anonymous_21)
FNDA:5,(anonymous_22)
FNDA:10,(anonymous_23)
FNDA:0,(anonymous_24)
FNDA:0,(anonymous_25)
FNDA:0,(anonymous_26)
DA:20,141
DA:24,8
DA:25,7
DA:26,7
DA:30,8
DA:31,2
DA:35,8
DA:39,139
DA:40,423
DA:41,139
DA:42,139
DA:43,139
DA:44,139
DA:46,139
DA:47,139
DA:48,139
DA:49,139
DA:50,139
DA:51,139
DA:52,139
DA:59,139
DA:60,42
DA:61,25
DA:62,8
DA:63,8
DA:64,8
DA:65,8
DA:67,17
DA:68,17
DA:69,17
DA:70,17
DA:72,25
DA:73,25
DA:74,25
DA:78,240
DA:81,4
DA:82,1
DA:83,1
DA:85,3
DA:89,1
DA:90,1
DA:91,1
DA:92,1
DA:95,1
DA:96,1
DA:97,1
DA:99,0
DA:107,8
DA:109,8
DA:110,8
DA:111,8
DA:113,8
DA:114,2
DA:115,2
DA:118,6
DA:120,6
DA:127,8
DA:128,2
DA:132,1
DA:133,1
DA:136,0
DA:141,4
DA:143,2
DA:144,2
DA:147,1
DA:153,139
DA:154,139
DA:156,139
DA:162,28
DA:170,0
DA:181,5
DA:193,5
DA:203,10
DA:223,0
DA:224,0
DA:225,0
DA:243,0
LF:77
LH:70
BRDA:24,0,0,1
BRDA:24,0,1,7
BRDA:25,1,0,0
BRDA:25,1,1,7
BRDA:30,2,0,6
BRDA:30,2,1,2
BRDA:31,3,0,0
BRDA:31,3,1,2
BRDA:35,4,0,1
BRDA:35,4,1,7
BRDA:60,5,0,17
BRDA:60,5,1,25
BRDA:61,6,0,8
BRDA:61,6,1,17
BRDA:63,7,0,8
BRDA:63,7,1,0
BRDA:64,8,0,8
BRDA:64,8,1,0
BRDA:78,9,0,139
BRDA:78,9,1,0
BRDA:81,10,0,1
BRDA:81,10,1,3
BRDA:96,11,0,1
BRDA:96,11,1,0
BRDA:99,12,0,0
BRDA:99,12,1,0
BRDA:113,13,0,2
BRDA:113,13,1,6
BRDA:113,14,0,8
BRDA:113,14,1,7
BRDA:113,14,2,7
BRDA:122,15,0,6
BRDA:122,15,1,4
BRDA:123,16,0,8
BRDA:123,16,1,4
BRDA:127,17,0,2
BRDA:127,17,1,4
BRDA:127,18,0,8
BRDA:127,18,1,2
BRDA:136,19,0,0
BRDA:136,19,1,0
BRDA:147,20,0,1
BRDA:147,20,1,0
BRDA:153,21,0,139
BRDA:153,21,1,139
BRDA:157,22,0,25
BRDA:157,22,1,114
BRDA:184,23,0,139
BRDA:184,23,1,1
BRDA:189,24,0,122
BRDA:189,24,1,17
BRDA:246,25,0,139
BRDA:246,25,1,0
BRF:53
BRH:41
end_of_record
TN:
SF:src\components\Todo\TodoItem.tsx
FN:13,TodoItem
FN:17,(anonymous_1)
FN:18,(anonymous_2)
FN:20,handleToggle
FN:24,handleDeleteConfirm
FN:26,(anonymous_5)
FN:61,(anonymous_6)
FN:69,(anonymous_7)
FN:80,(anonymous_8)
FN:93,(anonymous_9)
FNF:10
FNH:8
FNDA:20,TodoItem
FNDA:61,(anonymous_1)
FNDA:61,(anonymous_2)
FNDA:1,handleToggle
FNDA:1,handleDeleteConfirm
FNDA:0,(anonymous_5)
FNDA:1,(anonymous_6)
FNDA:3,(anonymous_7)
FNDA:0,(anonymous_8)
FNDA:1,(anonymous_9)
DA:14,20
DA:15,20
DA:16,20
DA:17,61
DA:18,61
DA:21,1
DA:25,1
DA:27,0
DA:28,0
DA:33,20
DA:61,1
DA:69,3
DA:80,0
DA:93,1
LF:14
LH:11
BRDA:43,0,0,3
BRDA:43,0,1,17
BRDA:52,1,0,20
BRDA:52,1,1,19
BRF:4
BRH:4
end_of_record
TN:
SF:src\components\Todo\TodoList.tsx
FN:10,TodoList
FN:29,(anonymous_1)
FNF:2
FNH:2
FNDA:34,TodoList
FNDA:5,(anonymous_1)
DA:11,34
DA:12,1
DA:19,33
DA:20,30
DA:27,3
DA:30,5
LF:6
LH:6
BRDA:11,0,0,1
BRDA:11,0,1,33
BRDA:19,1,0,30
BRDA:19,1,1,3
BRF:4
BRH:4
end_of_record
TN:
SF:src\constants\constants.ts
FNF:0
FNH:0
DA:1,4
DA:5,4
DA:9,4
DA:22,4
LF:4
LH:4
BRF:0
BRH:0
end_of_record
TN:
SF:src\hooks\useAuth.ts
FN:7,useLogin
FN:8,(anonymous_1)
FN:12,(anonymous_2)
FN:13,(anonymous_3)
FN:20,useSignup
FN:24,(anonymous_5)
FN:25,(anonymous_6)
FN:31,useLogout
FN:32,(anonymous_8)
FN:36,(anonymous_9)
FN:37,(anonymous_10)
FNF:11
FNH:11
FNDA:6,useLogin
FNDA:20,(anonymous_1)
FNDA:3,(anonymous_2)
FNDA:2,(anonymous_3)
FNDA:2,useSignup
FNDA:1,(anonymous_5)
FNDA:1,(anonymous_6)
FNDA:2,useLogout
FNDA:7,(anonymous_8)
FNDA:1,(anonymous_9)
FNDA:1,(anonymous_10)
DA:8,20
DA:9,6
DA:11,6
DA:12,3
DA:14,2
DA:15,2
DA:21,2
DA:23,2
DA:24,1
DA:26,1
DA:32,7
DA:33,2
DA:35,2
DA:36,1
DA:38,1
DA:39,1
LF:16
LH:16
BRF:0
BRH:0
end_of_record
TN:
SF:src\hooks\useCategory.ts
FN:5,useGetCategories
FN:8,(anonymous_1)
FN:13,useCreateCategory
FN:17,(anonymous_3)
FN:18,(anonymous_4)
FNF:5
FNH:5
FNDA:2,useGetCategories
FNDA:1,(anonymous_1)
FNDA:2,useCreateCategory
FNDA:1,(anonymous_3)
FNDA:1,(anonymous_4)
DA:6,2
DA:8,1
DA:14,2
DA:16,2
DA:17,1
DA:19,1
LF:6
LH:6
BRF:0
BRH:0
end_of_record
TN:
SF:src\hooks\useTodo.ts
FN:6,useGetTodos
FN:7,(anonymous_1)
FN:11,(anonymous_2)
FN:16,useCreateTodo
FN:20,(anonymous_4)
FN:21,(anonymous_5)
FN:27,useUpdateTodo
FN:31,(anonymous_7)
FN:33,(anonymous_8)
FN:39,useDeleteTodo
FN:43,(anonymous_10)
FN:44,(anonymous_11)
FN:50,useToggleComplete
FN:54,(anonymous_13)
FN:55,(anonymous_14)
FNF:15
FNH:15
FNDA:7,useGetTodos
FNDA:22,(anonymous_1)
FNDA:4,(anonymous_2)
FNDA:2,useCreateTodo
FNDA:1,(anonymous_4)
FNDA:1,(anonymous_5)
FNDA:2,useUpdateTodo
FNDA:1,(anonymous_7)
FNDA:1,(anonymous_8)
FNDA:2,useDeleteTodo
FNDA:1,(anonymous_10)
FNDA:1,(anonymous_11)
FNDA:2,useToggleComplete
FNDA:1,(anonymous_13)
FNDA:1,(anonymous_14)
DA:7,22
DA:9,7
DA:11,4
DA:17,2
DA:19,2
DA:20,1
DA:22,1
DA:28,2
DA:30,2
DA:32,1
DA:34,1
DA:40,2
DA:42,2
DA:43,1
DA:45,1
DA:51,2
DA:53,2
DA:54,1
DA:56,1
LF:19
LH:19
BRF:0
BRH:0
end_of_record
TN:
SF:src\hooks\useUser.ts
FN:6,useDeleteAccount
FN:7,(anonymous_1)
FN:11,(anonymous_2)
FN:12,(anonymous_3)
FNF:4
FNH:4
FNDA:4,useDeleteAccount
FNDA:14,(anonymous_1)
FNDA:2,(anonymous_2)
FNDA:2,(anonymous_3)
DA:7,14
DA:8,4
DA:10,4
DA:11,2
DA:13,2
DA:14,2
LF:6
LH:6
BRF:0
BRH:0
end_of_record
TN:
SF:src\pages\auth\LoginPage.tsx
FN:11,validateEmail
FN:16,validatePassword
FN:20,LoginPage
FN:22,(anonymous_3)
FN:28,handleSubmit
FN:43,(anonymous_5)
FN:65,(anonymous_6)
FN:75,(anonymous_7)
FNF:8
FNH:8
FNDA:7,validateEmail
FNDA:7,validatePassword
FNDA:126,LoginPage
FNDA:380,(anonymous_3)
FNDA:7,handleSubmit
FNDA:2,(anonymous_5)
FNDA:77,(anonymous_6)
FNDA:32,(anonymous_7)
DA:9,1
DA:12,7
DA:13,5
DA:17,7
DA:21,126
DA:22,380
DA:24,126
DA:25,126
DA:26,126
DA:29,7
DA:31,7
DA:32,7
DA:34,7
DA:35,4
DA:36,4
DA:39,3
DA:40,3
DA:44,2
DA:45,2
DA:46,1
DA:48,1
DA:55,126
DA:65,77
DA:75,32
LF:24
LH:24
BRDA:12,0,0,2
BRDA:12,0,1,5
BRDA:13,1,0,1
BRDA:13,1,1,4
BRDA:17,2,0,3
BRDA:17,2,1,4
BRDA:34,3,0,4
BRDA:34,3,1,3
BRDA:34,4,0,7
BRDA:34,4,1,4
BRDA:45,5,0,1
BRDA:45,5,1,1
BRDA:48,6,0,1
BRDA:48,6,1,0
BRF:14
BRH:13
end_of_record
TN:
SF:src\pages\auth\SignupPage.tsx
FN:11,validateName
FN:16,validateEmail
FN:21,validatePassword
FN:28,validateConfirm
FN:33,SignupPage
FN:35,(anonymous_5)
FN:48,handleSubmit
FN:65,(anonymous_7)
FN:87,(anonymous_8)
FN:97,(anonymous_9)
FN:107,(anonymous_10)
FN:117,(anonymous_11)
FNF:12
FNH:12
FNDA:9,validateName
FNDA:9,validateEmail
FNDA:9,validatePassword
FNDA:9,validateConfirm
FNDA:256,SignupPage
FNDA:769,(anonymous_5)
FNDA:9,handleSubmit
FNDA:1,(anonymous_7)
FNDA:21,(anonymous_8)
FNDA:108,(anonymous_9)
FNDA:53,(anonymous_10)
FNDA:53,(anonymous_11)
DA:9,1
DA:12,9
DA:13,7
DA:17,9
DA:18,7
DA:22,9
DA:23,7
DA:24,6
DA:25,5
DA:29,9
DA:30,7
DA:34,256
DA:35,769
DA:37,256
DA:38,256
DA:39,256
DA:40,256
DA:41,256
DA:49,9
DA:51,9
DA:52,9
DA:53,9
DA:54,9
DA:56,9
DA:57,7
DA:58,7
DA:61,2
DA:62,2
DA:66,1
DA:67,1
DA:68,1
DA:70,0
DA:77,256
DA:87,21
DA:97,108
DA:107,53
DA:117,53
LF:37
LH:36
BRDA:12,0,0,2
BRDA:12,0,1,7
BRDA:13,1,0,0
BRDA:13,1,1,7
BRDA:17,2,0,2
BRDA:17,2,1,7
BRDA:18,3,0,1
BRDA:18,3,1,6
BRDA:22,4,0,2
BRDA:22,4,1,7
BRDA:23,5,0,1
BRDA:23,5,1,6
BRDA:24,6,0,1
BRDA:24,6,1,5
BRDA:25,7,0,1
BRDA:25,7,1,4
BRDA:29,8,0,2
BRDA:29,8,1,7
BRDA:30,9,0,1
BRDA:30,9,1,6
BRDA:56,10,0,7
BRDA:56,10,1,2
BRDA:56,11,0,9
BRDA:56,11,1,7
BRDA:56,11,2,6
BRDA:56,11,3,3
BRDA:67,12,0,1
BRDA:67,12,1,0
BRDA:70,13,0,0
BRDA:70,13,1,0
BRF:30
BRH:26
end_of_record
TN:
SF:src\pages\todo\TodoListPage.tsx
FN:14,TodoListPage
FN:15,(anonymous_1)
FN:23,(anonymous_2)
FN:39,(anonymous_3)
FN:47,(anonymous_4)
FN:73,(anonymous_5)
FN:80,(anonymous_6)
FN:82,(anonymous_7)
FN:95,(anonymous_8)
FNF:9
FNH:8
FNDA:30,TodoListPage
FNDA:91,(anonymous_1)
FNDA:0,(anonymous_2)
FNDA:1,(anonymous_3)
FNDA:9,(anonymous_4)
FNDA:1,(anonymous_5)
FNDA:3,(anonymous_6)
FNDA:1,(anonymous_7)
FNDA:1,(anonymous_8)
DA:15,91
DA:16,30
DA:17,30
DA:18,30
DA:19,30
DA:20,30
DA:22,30
DA:23,0
DA:26,30
DA:39,1
DA:47,9
DA:73,1
DA:81,3
DA:83,1
DA:95,1
LF:15
LH:14
BRDA:22,0,0,0
BRDA:22,0,1,30
BRDA:31,1,0,30
BRDA:31,1,1,29
BRDA:59,2,0,30
BRDA:59,2,1,0
BRDA:84,3,0,1
BRDA:84,3,1,0
BRDA:102,4,0,30
BRDA:102,4,1,1
BRDA:102,4,2,0
BRF:11
BRH:7
end_of_record
TN:
SF:src\routes\GuestRoute.tsx
FN:4,GuestRoute
FN:5,(anonymous_1)
FNF:2
FNH:2
FNDA:7,GuestRoute
FNDA:22,(anonymous_1)
DA:5,22
DA:6,7
LF:2
LH:2
BRDA:6,0,0,4
BRDA:6,0,1,3
BRF:2
BRH:2
end_of_record
TN:
SF:src\routes\ProtectedRoute.tsx
FN:4,ProtectedRoute
FN:5,(anonymous_1)
FNF:2
FNH:2
FNDA:10,ProtectedRoute
FNDA:32,(anonymous_1)
DA:5,32
DA:6,10
LF:2
LH:2
BRDA:6,0,0,4
BRDA:6,0,1,6
BRF:2
BRH:2
end_of_record
TN:
SF:src\store\authStore.ts
FN:12,(anonymous_0)
FN:16,(anonymous_1)
FN:17,(anonymous_2)
FNF:3
FNH:3
FNDA:7,(anonymous_0)
FNDA:9,(anonymous_1)
FNDA:9,(anonymous_2)
DA:12,7
DA:16,9
DA:17,9
LF:3
LH:3
BRF:0
BRH:0
end_of_record
TN:
SF:src\store\todoStore.ts
FN:10,(anonymous_0)
FN:12,(anonymous_1)
FN:12,(anonymous_2)
FN:13,(anonymous_3)
FNF:4
FNH:4
FNDA:4,(anonymous_0)
FNDA:12,(anonymous_1)
FNDA:12,(anonymous_2)
FNDA:2,(anonymous_3)
DA:10,4
DA:12,12
DA:13,2
LF:3
LH:3
BRF:0
BRH:0
end_of_record
TN:
SF:src\store\uiStore.ts
FN:22,(anonymous_0)
FN:27,(anonymous_1)
FN:28,(anonymous_2)
FN:29,(anonymous_3)
FN:30,(anonymous_4)
FN:32,(anonymous_5)
FNF:6
FNH:6
FNDA:6,(anonymous_0)
FNDA:2,(anonymous_1)
FNDA:3,(anonymous_2)
FNDA:1,(anonymous_3)
FNDA:18,(anonymous_4)
FNDA:2,(anonymous_5)
DA:22,6
DA:27,2
DA:28,3
DA:29,1
DA:31,18
DA:32,2
LF:6
LH:6
BRDA:30,0,0,18
BRF:1
BRH:1
end_of_record
TN:
SF:src\types\api.ts
FNF:0
FNH:0
LF:0
LH:0
BRF:0
BRH:0
end_of_record
TN:
SF:src\types\domain.ts
FNF:0
FNH:0
LF:0
LH:0
BRF:0
BRH:0
end_of_record
