{"C:\\_vibe\\todolist-app\\src\\app.js": {"path":"C:\\_vibe\\todolist-app\\src\\app.js","statementMap":{"0":{"start":{"line":3,"column":16},"end":{"line":3,"column":34}},"1":{"start":{"line":4,"column":13},"end":{"line":4,"column":28}},"2":{"start":{"line":5,"column":18},"end":{"line":5,"column":47}},"3":{"start":{"line":6,"column":24},"end":{"line":6,"column":58}},"4":{"start":{"line":7,"column":25},"end":{"line":7,"column":62}},"5":{"start":{"line":8,"column":19},"end":{"line":8,"column":50}},"6":{"start":{"line":9,"column":19},"end":{"line":9,"column":50}},"7":{"start":{"line":10,"column":23},"end":{"line":10,"column":58}},"8":{"start":{"line":11,"column":19},"end":{"line":11,"column":50}},"9":{"start":{"line":13,"column":12},"end":{"line":13,"column":21}},"10":{"start":{"line":15,"column":0},"end":{"line":18,"column":4}},"11":{"start":{"line":20,"column":0},"end":{"line":20,"column":24}},"12":{"start":{"line":22,"column":0},"end":{"line":24,"column":3}},"13":{"start":{"line":23,"column":2},"end":{"line":23,"column":66}},"14":{"start":{"line":26,"column":0},"end":{"line":26,"column":72}},"15":{"start":{"line":29,"column":0},"end":{"line":29,"column":33}},"16":{"start":{"line":30,"column":0},"end":{"line":30,"column":34}},"17":{"start":{"line":31,"column":0},"end":{"line":31,"column":43}},"18":{"start":{"line":32,"column":0},"end":{"line":32,"column":34}},"19":{"start":{"line":35,"column":0},"end":{"line":35,"column":22}},"20":{"start":{"line":37,"column":0},"end":{"line":37,"column":21}}},"fnMap":{"0":{"name":"(anonymous_0)","decl":{"start":{"line":22,"column":19},"end":{"line":22,"column":20}},"loc":{"start":{"line":22,"column":33},"end":{"line":24,"column":1}},"line":22}},"branchMap":{"0":{"loc":{"start":{"line":16,"column":10},"end":{"line":16,"column":60}},"type":"binary-expr","locations":[{"start":{"line":16,"column":10},"end":{"line":16,"column":33}},{"start":{"line":16,"column":37},"end":{"line":16,"column":60}}],"line":16}},"s":{"0":5,"1":5,"2":5,"3":5,"4":5,"5":5,"6":5,"7":5,"8":5,"9":5,"10":5,"11":5,"12":5,"13":8,"14":5,"15":5,"16":5,"17":5,"18":5,"19":5,"20":5},"f":{"0":8},"b":{"0":[5,0]},"_coverageSchema":"1a1c01bbd47fc00a2c39e90264f33305004495a9","hash":"7309d351d30eb731a6b4bba9f321371e99392e5b"}
,"C:\\_vibe\\todolist-app\\src\\config\\database.js": {"path":"C:\\_vibe\\todolist-app\\src\\config\\database.js","statementMap":{"0":{"start":{"line":3,"column":0},"end":{"line":3,"column":27}},"1":{"start":{"line":5,"column":17},"end":{"line":5,"column":47}},"2":{"start":{"line":7,"column":0},"end":{"line":12,"column":1}},"3":{"start":{"line":8,"column":2},"end":{"line":11,"column":3}},"4":{"start":{"line":9,"column":4},"end":{"line":9,"column":52}},"5":{"start":{"line":10,"column":4},"end":{"line":10,"column":20}},"6":{"start":{"line":14,"column":16},"end":{"line":14,"column":53}},"7":{"start":{"line":15,"column":0},"end":{"line":18,"column":1}},"8":{"start":{"line":16,"column":2},"end":{"line":16,"column":54}},"9":{"start":{"line":17,"column":2},"end":{"line":17,"column":18}},"10":{"start":{"line":20,"column":0},"end":{"line":25,"column":2}}},"fnMap":{},"branchMap":{"0":{"loc":{"start":{"line":8,"column":2},"end":{"line":11,"column":3}},"type":"if","locations":[{"start":{"line":8,"column":2},"end":{"line":11,"column":3}},{"start":{},"end":{}}],"line":8},"1":{"loc":{"start":{"line":15,"column":0},"end":{"line":18,"column":1}},"type":"if","locations":[{"start":{"line":15,"column":0},"end":{"line":18,"column":1}},{"start":{},"end":{}}],"line":15},"2":{"loc":{"start":{"line":15,"column":4},"end":{"line":15,"column":59}},"type":"binary-expr","locations":[{"start":{"line":15,"column":4},"end":{"line":15,"column":41}},{"start":{"line":15,"column":45},"end":{"line":15,"column":59}}],"line":15},"3":{"loc":{"start":{"line":22,"column":7},"end":{"line":22,"column":20}},"type":"binary-expr","locations":[{"start":{"line":22,"column":7},"end":{"line":22,"column":14}},{"start":{"line":22,"column":18},"end":{"line":22,"column":20}}],"line":22},"4":{"loc":{"start":{"line":23,"column":21},"end":{"line":23,"column":79}},"type":"binary-expr","locations":[{"start":{"line":23,"column":21},"end":{"line":23,"column":70}},{"start":{"line":23,"column":74},"end":{"line":23,"column":79}}],"line":23},"5":{"loc":{"start":{"line":24,"column":27},"end":{"line":24,"column":90}},"type":"binary-expr","locations":[{"start":{"line":24,"column":27},"end":{"line":24,"column":82}},{"start":{"line":24,"column":86},"end":{"line":24,"column":90}}],"line":24}},"s":{"0":12,"1":12,"2":12,"3":12,"4":0,"5":0,"6":12,"7":12,"8":0,"9":0,"10":12},"f":{},"b":{"0":[0,12],"1":[0,12],"2":[12,12],"3":[12,0],"4":[12,0],"5":[12,0]},"_coverageSchema":"1a1c01bbd47fc00a2c39e90264f33305004495a9","hash":"27820da81f75c1a45117a85cf95b7414f09b0512"}
,"C:\\_vibe\\todolist-app\\src\\constants\\constants.js": {"path":"C:\\_vibe\\todolist-app\\src\\constants\\constants.js","statementMap":{"0":{"start":{"line":3,"column":20},"end":{"line":14,"column":1}},"1":{"start":{"line":16,"column":20},"end":{"line":23,"column":1}},"2":{"start":{"line":25,"column":23},"end":{"line":27,"column":1}},"3":{"start":{"line":29,"column":27},"end":{"line":31,"column":1}},"4":{"start":{"line":34,"column":36},"end":{"line":34,"column":74}},"5":{"start":{"line":36,"column":0},"end":{"line":42,"column":2}}},"fnMap":{},"branchMap":{},"s":{"0":19,"1":19,"2":19,"3":19,"4":19,"5":19},"f":{},"b":{},"_coverageSchema":"1a1c01bbd47fc00a2c39e90264f33305004495a9","hash":"4fd832120a290c7272e8198f05fe5183ae3b8ec8"}
,"C:\\_vibe\\todolist-app\\src\\controllers\\authController.js": {"path":"C:\\_vibe\\todolist-app\\src\\controllers\\authController.js","statementMap":{"0":{"start":{"line":3,"column":20},"end":{"line":3,"column":54}},"1":{"start":{"line":4,"column":24},"end":{"line":4,"column":57}},"2":{"start":{"line":7,"column":2},"end":{"line":7,"column":59}},"3":{"start":{"line":8,"column":2},"end":{"line":14,"column":3}},"4":{"start":{"line":9,"column":19},"end":{"line":9,"column":55}},"5":{"start":{"line":10,"column":4},"end":{"line":10,"column":91}},"6":{"start":{"line":11,"column":4},"end":{"line":11,"column":49}},"7":{"start":{"line":13,"column":4},"end":{"line":13,"column":14}},"8":{"start":{"line":18,"column":2},"end":{"line":18,"column":58}},"9":{"start":{"line":19,"column":2},"end":{"line":25,"column":3}},"10":{"start":{"line":20,"column":19},"end":{"line":20,"column":52}},"11":{"start":{"line":21,"column":4},"end":{"line":21,"column":90}},"12":{"start":{"line":22,"column":4},"end":{"line":22,"column":44}},"13":{"start":{"line":24,"column":4},"end":{"line":24,"column":14}},"14":{"start":{"line":29,"column":2},"end":{"line":29,"column":58}},"15":{"start":{"line":30,"column":2},"end":{"line":35,"column":3}},"16":{"start":{"line":31,"column":19},"end":{"line":31,"column":39}},"17":{"start":{"line":32,"column":4},"end":{"line":32,"column":44}},"18":{"start":{"line":34,"column":4},"end":{"line":34,"column":14}},"19":{"start":{"line":38,"column":0},"end":{"line":38,"column":45}}},"fnMap":{"0":{"name":"register","decl":{"start":{"line":6,"column":15},"end":{"line":6,"column":23}},"loc":{"start":{"line":6,"column":40},"end":{"line":15,"column":1}},"line":6},"1":{"name":"login","decl":{"start":{"line":17,"column":15},"end":{"line":17,"column":20}},"loc":{"start":{"line":17,"column":37},"end":{"line":26,"column":1}},"line":17},"2":{"name":"logout","decl":{"start":{"line":28,"column":15},"end":{"line":28,"column":21}},"loc":{"start":{"line":28,"column":38},"end":{"line":36,"column":1}},"line":28}},"branchMap":{},"s":{"0":6,"1":6,"2":13,"3":13,"4":13,"5":10,"6":10,"7":3,"8":10,"9":10,"10":10,"11":6,"12":6,"13":4,"14":5,"15":5,"16":5,"17":5,"18":0,"19":6},"f":{"0":13,"1":10,"2":5},"b":{},"_coverageSchema":"1a1c01bbd47fc00a2c39e90264f33305004495a9","hash":"88d300447ffe75dfffe0203be77fd80bc52c2b77"}
,"C:\\_vibe\\todolist-app\\src\\controllers\\categoryController.js": {"path":"C:\\_vibe\\todolist-app\\src\\controllers\\categoryController.js","statementMap":{"0":{"start":{"line":3,"column":24},"end":{"line":3,"column":62}},"1":{"start":{"line":4,"column":24},"end":{"line":4,"column":57}},"2":{"start":{"line":7,"column":2},"end":{"line":7,"column":62}},"3":{"start":{"line":8,"column":2},"end":{"line":14,"column":3}},"4":{"start":{"line":9,"column":19},"end":{"line":9,"column":67}},"5":{"start":{"line":10,"column":4},"end":{"line":10,"column":96}},"6":{"start":{"line":11,"column":4},"end":{"line":11,"column":44}},"7":{"start":{"line":13,"column":4},"end":{"line":13,"column":14}},"8":{"start":{"line":18,"column":2},"end":{"line":18,"column":83}},"9":{"start":{"line":19,"column":2},"end":{"line":25,"column":3}},"10":{"start":{"line":20,"column":19},"end":{"line":20,"column":83}},"11":{"start":{"line":21,"column":4},"end":{"line":21,"column":87}},"12":{"start":{"line":22,"column":4},"end":{"line":22,"column":49}},"13":{"start":{"line":24,"column":4},"end":{"line":24,"column":14}},"14":{"start":{"line":28,"column":0},"end":{"line":28,"column":51}}},"fnMap":{"0":{"name":"getCategories","decl":{"start":{"line":6,"column":15},"end":{"line":6,"column":28}},"loc":{"start":{"line":6,"column":45},"end":{"line":15,"column":1}},"line":6},"1":{"name":"createCategory","decl":{"start":{"line":17,"column":15},"end":{"line":17,"column":29}},"loc":{"start":{"line":17,"column":46},"end":{"line":26,"column":1}},"line":17}},"branchMap":{"0":{"loc":{"start":{"line":10,"column":72},"end":{"line":10,"column":92}},"type":"binary-expr","locations":[{"start":{"line":10,"column":72},"end":{"line":10,"column":85}},{"start":{"line":10,"column":89},"end":{"line":10,"column":92}}],"line":10}},"s":{"0":6,"1":6,"2":9,"3":9,"4":9,"5":9,"6":9,"7":0,"8":12,"9":12,"10":12,"11":5,"12":5,"13":7,"14":6},"f":{"0":9,"1":12},"b":{"0":[9,9]},"_coverageSchema":"1a1c01bbd47fc00a2c39e90264f33305004495a9","hash":"3719aba55db47376eeb3294f854485a754848190"}
,"C:\\_vibe\\todolist-app\\src\\controllers\\todoController.js": {"path":"C:\\_vibe\\todolist-app\\src\\controllers\\todoController.js","statementMap":{"0":{"start":{"line":3,"column":20},"end":{"line":3,"column":54}},"1":{"start":{"line":4,"column":24},"end":{"line":4,"column":57}},"2":{"start":{"line":7,"column":2},"end":{"line":7,"column":95}},"3":{"start":{"line":8,"column":2},"end":{"line":14,"column":3}},"4":{"start":{"line":9,"column":19},"end":{"line":9,"column":69}},"5":{"start":{"line":10,"column":4},"end":{"line":10,"column":115}},"6":{"start":{"line":11,"column":4},"end":{"line":11,"column":44}},"7":{"start":{"line":13,"column":4},"end":{"line":13,"column":14}},"8":{"start":{"line":18,"column":2},"end":{"line":18,"column":81}},"9":{"start":{"line":19,"column":2},"end":{"line":25,"column":3}},"10":{"start":{"line":20,"column":19},"end":{"line":20,"column":70}},"11":{"start":{"line":21,"column":4},"end":{"line":21,"column":79}},"12":{"start":{"line":22,"column":4},"end":{"line":22,"column":49}},"13":{"start":{"line":24,"column":4},"end":{"line":24,"column":14}},"14":{"start":{"line":29,"column":2},"end":{"line":29,"column":81}},"15":{"start":{"line":30,"column":2},"end":{"line":36,"column":3}},"16":{"start":{"line":31,"column":19},"end":{"line":31,"column":85}},"17":{"start":{"line":32,"column":4},"end":{"line":32,"column":83}},"18":{"start":{"line":33,"column":4},"end":{"line":33,"column":44}},"19":{"start":{"line":35,"column":4},"end":{"line":35,"column":14}},"20":{"start":{"line":40,"column":2},"end":{"line":40,"column":84}},"21":{"start":{"line":41,"column":2},"end":{"line":47,"column":3}},"22":{"start":{"line":42,"column":19},"end":{"line":42,"column":77}},"23":{"start":{"line":43,"column":4},"end":{"line":43,"column":122}},"24":{"start":{"line":44,"column":4},"end":{"line":44,"column":44}},"25":{"start":{"line":46,"column":4},"end":{"line":46,"column":14}},"26":{"start":{"line":51,"column":2},"end":{"line":51,"column":81}},"27":{"start":{"line":52,"column":2},"end":{"line":58,"column":3}},"28":{"start":{"line":53,"column":4},"end":{"line":53,"column":61}},"29":{"start":{"line":54,"column":4},"end":{"line":54,"column":83}},"30":{"start":{"line":55,"column":4},"end":{"line":55,"column":45}},"31":{"start":{"line":57,"column":4},"end":{"line":57,"column":14}},"32":{"start":{"line":61,"column":0},"end":{"line":61,"column":80}}},"fnMap":{"0":{"name":"getTodos","decl":{"start":{"line":6,"column":15},"end":{"line":6,"column":23}},"loc":{"start":{"line":6,"column":40},"end":{"line":15,"column":1}},"line":6},"1":{"name":"createTodo","decl":{"start":{"line":17,"column":15},"end":{"line":17,"column":25}},"loc":{"start":{"line":17,"column":42},"end":{"line":26,"column":1}},"line":17},"2":{"name":"updateTodo","decl":{"start":{"line":28,"column":15},"end":{"line":28,"column":25}},"loc":{"start":{"line":28,"column":42},"end":{"line":37,"column":1}},"line":28},"3":{"name":"completeTodo","decl":{"start":{"line":39,"column":15},"end":{"line":39,"column":27}},"loc":{"start":{"line":39,"column":44},"end":{"line":48,"column":1}},"line":39},"4":{"name":"deleteTodo","decl":{"start":{"line":50,"column":15},"end":{"line":50,"column":25}},"loc":{"start":{"line":50,"column":42},"end":{"line":59,"column":1}},"line":50}},"branchMap":{"0":{"loc":{"start":{"line":10,"column":68},"end":{"line":10,"column":111}},"type":"binary-expr","locations":[{"start":{"line":10,"column":68},"end":{"line":10,"column":81}},{"start":{"line":10,"column":85},"end":{"line":10,"column":104}},{"start":{"line":10,"column":108},"end":{"line":10,"column":111}}],"line":10}},"s":{"0":6,"1":6,"2":10,"3":10,"4":10,"5":10,"6":10,"7":0,"8":13,"9":13,"10":13,"11":10,"12":10,"13":3,"14":9,"15":9,"16":9,"17":4,"18":4,"19":5,"20":8,"21":8,"22":8,"23":5,"24":5,"25":3,"26":10,"27":10,"28":10,"29":4,"30":4,"31":6,"32":6},"f":{"0":10,"1":13,"2":9,"3":8,"4":10},"b":{"0":[10,10,0]},"_coverageSchema":"1a1c01bbd47fc00a2c39e90264f33305004495a9","hash":"e1e6f87eb80f2e0d4ed25c0928f325b8287efef1"}
,"C:\\_vibe\\todolist-app\\src\\controllers\\userController.js": {"path":"C:\\_vibe\\todolist-app\\src\\controllers\\userController.js","statementMap":{"0":{"start":{"line":3,"column":20},"end":{"line":3,"column":54}},"1":{"start":{"line":4,"column":24},"end":{"line":4,"column":57}},"2":{"start":{"line":7,"column":2},"end":{"line":13,"column":3}},"3":{"start":{"line":8,"column":17},"end":{"line":8,"column":53}},"4":{"start":{"line":9,"column":4},"end":{"line":9,"column":60}},"5":{"start":{"line":10,"column":4},"end":{"line":10,"column":42}},"6":{"start":{"line":12,"column":4},"end":{"line":12,"column":14}},"7":{"start":{"line":17,"column":2},"end":{"line":24,"column":3}},"8":{"start":{"line":18,"column":4},"end":{"line":18,"column":79}},"9":{"start":{"line":19,"column":19},"end":{"line":19,"column":77}},"10":{"start":{"line":20,"column":4},"end":{"line":20,"column":86}},"11":{"start":{"line":21,"column":4},"end":{"line":21,"column":44}},"12":{"start":{"line":23,"column":4},"end":{"line":23,"column":14}},"13":{"start":{"line":28,"column":2},"end":{"line":33,"column":3}},"14":{"start":{"line":29,"column":4},"end":{"line":29,"column":44}},"15":{"start":{"line":30,"column":4},"end":{"line":30,"column":45}},"16":{"start":{"line":32,"column":4},"end":{"line":32,"column":14}},"17":{"start":{"line":36,"column":0},"end":{"line":36,"column":56}}},"fnMap":{"0":{"name":"getMe","decl":{"start":{"line":6,"column":15},"end":{"line":6,"column":20}},"loc":{"start":{"line":6,"column":37},"end":{"line":14,"column":1}},"line":6},"1":{"name":"updatePreferences","decl":{"start":{"line":16,"column":15},"end":{"line":16,"column":32}},"loc":{"start":{"line":16,"column":49},"end":{"line":25,"column":1}},"line":16},"2":{"name":"deleteMe","decl":{"start":{"line":27,"column":15},"end":{"line":27,"column":23}},"loc":{"start":{"line":27,"column":40},"end":{"line":34,"column":1}},"line":27}},"branchMap":{},"s":{"0":6,"1":6,"2":10,"3":10,"4":7,"5":7,"6":3,"7":0,"8":0,"9":0,"10":0,"11":0,"12":0,"13":8,"14":8,"15":5,"16":3,"17":6},"f":{"0":10,"1":0,"2":8},"b":{},"_coverageSchema":"1a1c01bbd47fc00a2c39e90264f33305004495a9","hash":"42d217c88e5ddce58cc93293bcebbb4030260b35"}
,"C:\\_vibe\\todolist-app\\src\\db\\pool.js": {"path":"C:\\_vibe\\todolist-app\\src\\db\\pool.js","statementMap":{"0":{"start":{"line":3,"column":24},"end":{"line":3,"column":37}},"1":{"start":{"line":4,"column":17},"end":{"line":4,"column":46}},"2":{"start":{"line":7,"column":0},"end":{"line":7,"column":40}},"3":{"start":{"line":7,"column":35},"end":{"line":7,"column":38}},"4":{"start":{"line":9,"column":13},"end":{"line":14,"column":2}},"5":{"start":{"line":16,"column":0},"end":{"line":18,"column":3}},"6":{"start":{"line":17,"column":2},"end":{"line":17,"column":55}},"7":{"start":{"line":21,"column":17},"end":{"line":21,"column":37}},"8":{"start":{"line":22,"column":2},"end":{"line":32,"column":3}},"9":{"start":{"line":23,"column":4},"end":{"line":23,"column":32}},"10":{"start":{"line":24,"column":19},"end":{"line":24,"column":41}},"11":{"start":{"line":25,"column":4},"end":{"line":25,"column":33}},"12":{"start":{"line":26,"column":4},"end":{"line":26,"column":18}},"13":{"start":{"line":28,"column":4},"end":{"line":28,"column":35}},"14":{"start":{"line":29,"column":4},"end":{"line":29,"column":14}},"15":{"start":{"line":31,"column":4},"end":{"line":31,"column":21}},"16":{"start":{"line":35,"column":0},"end":{"line":35,"column":43}}},"fnMap":{"0":{"name":"(anonymous_0)","decl":{"start":{"line":7,"column":26},"end":{"line":7,"column":27}},"loc":{"start":{"line":7,"column":35},"end":{"line":7,"column":38}},"line":7},"1":{"name":"(anonymous_1)","decl":{"start":{"line":16,"column":17},"end":{"line":16,"column":18}},"loc":{"start":{"line":16,"column":26},"end":{"line":18,"column":1}},"line":16},"2":{"name":"withTransaction","decl":{"start":{"line":20,"column":15},"end":{"line":20,"column":30}},"loc":{"start":{"line":20,"column":41},"end":{"line":33,"column":1}},"line":20}},"branchMap":{},"s":{"0":12,"1":12,"2":12,"3":12,"4":12,"5":12,"6":0,"7":0,"8":0,"9":0,"10":0,"11":0,"12":0,"13":0,"14":0,"15":0,"16":12},"f":{"0":12,"1":0,"2":0},"b":{},"_coverageSchema":"1a1c01bbd47fc00a2c39e90264f33305004495a9","hash":"0ef7c5ed0d34b818f2fd6153f47fa754c99e5fcd"}
,"C:\\_vibe\\todolist-app\\src\\middlewares\\auth.js": {"path":"C:\\_vibe\\todolist-app\\src\\middlewares\\auth.js","statementMap":{"0":{"start":{"line":3,"column":24},"end":{"line":3,"column":54}},"1":{"start":{"line":4,"column":21},"end":{"line":4,"column":46}},"2":{"start":{"line":5,"column":37},"end":{"line":5,"column":70}},"3":{"start":{"line":8,"column":21},"end":{"line":8,"column":49}},"4":{"start":{"line":10,"column":2},"end":{"line":19,"column":3}},"5":{"start":{"line":11,"column":4},"end":{"line":11,"column":82}},"6":{"start":{"line":12,"column":4},"end":{"line":18,"column":6}},"7":{"start":{"line":21,"column":16},"end":{"line":21,"column":35}},"8":{"start":{"line":23,"column":2},"end":{"line":37,"column":3}},"9":{"start":{"line":24,"column":20},"end":{"line":24,"column":38}},"10":{"start":{"line":25,"column":4},"end":{"line":25,"column":56}},"11":{"start":{"line":26,"column":4},"end":{"line":26,"column":87}},"12":{"start":{"line":27,"column":4},"end":{"line":27,"column":11}},"13":{"start":{"line":29,"column":4},"end":{"line":29,"column":81}},"14":{"start":{"line":30,"column":4},"end":{"line":36,"column":6}},"15":{"start":{"line":40,"column":0},"end":{"line":40,"column":34}}},"fnMap":{"0":{"name":"authenticate","decl":{"start":{"line":7,"column":9},"end":{"line":7,"column":21}},"loc":{"start":{"line":7,"column":38},"end":{"line":38,"column":1}},"line":7}},"branchMap":{"0":{"loc":{"start":{"line":10,"column":2},"end":{"line":19,"column":3}},"type":"if","locations":[{"start":{"line":10,"column":2},"end":{"line":19,"column":3}},{"start":{},"end":{}}],"line":10},"1":{"loc":{"start":{"line":10,"column":6},"end":{"line":10,"column":54}},"type":"binary-expr","locations":[{"start":{"line":10,"column":6},"end":{"line":10,"column":17}},{"start":{"line":10,"column":21},"end":{"line":10,"column":54}}],"line":10}},"s":{"0":10,"1":10,"2":10,"3":150,"4":150,"5":30,"6":30,"7":120,"8":120,"9":120,"10":116,"11":116,"12":116,"13":4,"14":4,"15":10},"f":{"0":150},"b":{"0":[30,120],"1":[150,126]},"_coverageSchema":"1a1c01bbd47fc00a2c39e90264f33305004495a9","hash":"49e65b128d4b77c285a5dcf911afa1609fc51231"}
,"C:\\_vibe\\todolist-app\\src\\middlewares\\errorHandler.js": {"path":"C:\\_vibe\\todolist-app\\src\\middlewares\\errorHandler.js","statementMap":{"0":{"start":{"line":3,"column":37},"end":{"line":3,"column":70}},"1":{"start":{"line":7,"column":4},"end":{"line":7,"column":19}},"2":{"start":{"line":8,"column":4},"end":{"line":8,"column":33}},"3":{"start":{"line":9,"column":4},"end":{"line":9,"column":21}},"4":{"start":{"line":10,"column":4},"end":{"line":10,"column":27}},"5":{"start":{"line":16,"column":2},"end":{"line":28,"column":3}},"6":{"start":{"line":17,"column":4},"end":{"line":17,"column":127}},"7":{"start":{"line":18,"column":17},"end":{"line":23,"column":5}},"8":{"start":{"line":24,"column":4},"end":{"line":26,"column":5}},"9":{"start":{"line":25,"column":6},"end":{"line":25,"column":37}},"10":{"start":{"line":27,"column":4},"end":{"line":27,"column":49}},"11":{"start":{"line":31,"column":2},"end":{"line":31,"column":71}},"12":{"start":{"line":32,"column":23},"end":{"line":32,"column":60}},"13":{"start":{"line":33,"column":19},"end":{"line":38,"column":3}},"14":{"start":{"line":40,"column":2},"end":{"line":42,"column":3}},"15":{"start":{"line":41,"column":4},"end":{"line":41,"column":37}},"16":{"start":{"line":44,"column":2},"end":{"line":44,"column":70}},"17":{"start":{"line":47,"column":0},"end":{"line":47,"column":44}}},"fnMap":{"0":{"name":"(anonymous_0)","decl":{"start":{"line":6,"column":2},"end":{"line":6,"column":3}},"loc":{"start":{"line":6,"column":41},"end":{"line":11,"column":3}},"line":6},"1":{"name":"errorHandler","decl":{"start":{"line":15,"column":9},"end":{"line":15,"column":21}},"loc":{"start":{"line":15,"column":43},"end":{"line":45,"column":1}},"line":15}},"branchMap":{"0":{"loc":{"start":{"line":16,"column":2},"end":{"line":28,"column":3}},"type":"if","locations":[{"start":{"line":16,"column":2},"end":{"line":28,"column":3}},{"start":{},"end":{}}],"line":16},"1":{"loc":{"start":{"line":24,"column":4},"end":{"line":26,"column":5}},"type":"if","locations":[{"start":{"line":24,"column":4},"end":{"line":26,"column":5}},{"start":{},"end":{}}],"line":24},"2":{"loc":{"start":{"line":40,"column":2},"end":{"line":42,"column":3}},"type":"if","locations":[{"start":{"line":40,"column":2},"end":{"line":42,"column":3}},{"start":{},"end":{}}],"line":40}},"s":{"0":18,"1":158,"2":158,"3":158,"4":158,"5":111,"6":103,"7":103,"8":103,"9":35,"10":103,"11":8,"12":8,"13":8,"14":8,"15":7,"16":8,"17":18},"f":{"0":158,"1":111},"b":{"0":[103,8],"1":[35,68],"2":[7,1]},"_coverageSchema":"1a1c01bbd47fc00a2c39e90264f33305004495a9","hash":"49a973c432534664ec62c71c2397923bfed6708d"}
,"C:\\_vibe\\todolist-app\\src\\middlewares\\validate.js": {"path":"C:\\_vibe\\todolist-app\\src\\middlewares\\validate.js","statementMap":{"0":{"start":{"line":3,"column":21},"end":{"line":3,"column":46}},"1":{"start":{"line":4,"column":37},"end":{"line":4,"column":70}},"2":{"start":{"line":7,"column":2},"end":{"line":37,"column":4}},"3":{"start":{"line":8,"column":17},"end":{"line":8,"column":58}},"4":{"start":{"line":9,"column":29},"end":{"line":9,"column":88}},"5":{"start":{"line":11,"column":4},"end":{"line":23,"column":5}},"6":{"start":{"line":12,"column":21},"end":{"line":15,"column":9}},"7":{"start":{"line":12,"column":47},"end":{"line":15,"column":7}},"8":{"start":{"line":16,"column":23},"end":{"line":20,"column":7}},"9":{"start":{"line":21,"column":6},"end":{"line":21,"column":31}},"10":{"start":{"line":22,"column":6},"end":{"line":22,"column":28}},"11":{"start":{"line":27,"column":4},"end":{"line":34,"column":5}},"12":{"start":{"line":28,"column":6},"end":{"line":31,"column":9}},"13":{"start":{"line":29,"column":19},"end":{"line":29,"column":24}},"14":{"start":{"line":33,"column":6},"end":{"line":33,"column":23}},"15":{"start":{"line":36,"column":4},"end":{"line":36,"column":11}},"16":{"start":{"line":40,"column":0},"end":{"line":40,"column":30}}},"fnMap":{"0":{"name":"validate","decl":{"start":{"line":6,"column":9},"end":{"line":6,"column":17}},"loc":{"start":{"line":6,"column":43},"end":{"line":38,"column":1}},"line":6},"1":{"name":"(anonymous_1)","decl":{"start":{"line":7,"column":9},"end":{"line":7,"column":10}},"loc":{"start":{"line":7,"column":29},"end":{"line":37,"column":3}},"line":7},"2":{"name":"(anonymous_2)","decl":{"start":{"line":12,"column":39},"end":{"line":12,"column":40}},"loc":{"start":{"line":12,"column":47},"end":{"line":15,"column":7}},"line":12},"3":{"name":"(anonymous_3)","decl":{"start":{"line":29,"column":13},"end":{"line":29,"column":14}},"loc":{"start":{"line":29,"column":19},"end":{"line":29,"column":24}},"line":29}},"branchMap":{"0":{"loc":{"start":{"line":6,"column":26},"end":{"line":6,"column":41}},"type":"default-arg","locations":[{"start":{"line":6,"column":35},"end":{"line":6,"column":41}}],"line":6},"1":{"loc":{"start":{"line":8,"column":17},"end":{"line":8,"column":58}},"type":"cond-expr","locations":[{"start":{"line":8,"column":38},"end":{"line":8,"column":47}},{"start":{"line":8,"column":50},"end":{"line":8,"column":58}}],"line":8},"2":{"loc":{"start":{"line":11,"column":4},"end":{"line":23,"column":5}},"type":"if","locations":[{"start":{"line":11,"column":4},"end":{"line":23,"column":5}},{"start":{},"end":{}}],"line":11},"3":{"loc":{"start":{"line":27,"column":4},"end":{"line":34,"column":5}},"type":"if","locations":[{"start":{"line":27,"column":4},"end":{"line":34,"column":5}},{"start":{"line":32,"column":11},"end":{"line":34,"column":5}}],"line":27}},"s":{"0":10,"1":10,"2":56,"3":113,"4":113,"5":113,"6":41,"7":46,"8":41,"9":41,"10":41,"11":72,"12":12,"13":20,"14":60,"15":72,"16":10},"f":{"0":56,"1":113,"2":46,"3":20},"b":{"0":[36],"1":[18,95],"2":[41,72],"3":[12,60]},"_coverageSchema":"1a1c01bbd47fc00a2c39e90264f33305004495a9","hash":"a38dd21cd48dc8a51753dae54420bc996fe7040a"}
,"C:\\_vibe\\todolist-app\\src\\middlewares\\schemas\\auth.schema.js": {"path":"C:\\_vibe\\todolist-app\\src\\middlewares\\schemas\\auth.schema.js","statementMap":{"0":{"start":{"line":3,"column":12},"end":{"line":3,"column":26}},"1":{"start":{"line":5,"column":23},"end":{"line":16,"column":2}},"2":{"start":{"line":18,"column":20},"end":{"line":21,"column":2}},"3":{"start":{"line":23,"column":0},"end":{"line":23,"column":49}}},"fnMap":{},"branchMap":{},"s":{"0":7,"1":7,"2":7,"3":7},"f":{},"b":{},"_coverageSchema":"1a1c01bbd47fc00a2c39e90264f33305004495a9","hash":"6b1c9c260936e9e02841e611e33620dead55cdb1"}
,"C:\\_vibe\\todolist-app\\src\\middlewares\\schemas\\category.schema.js": {"path":"C:\\_vibe\\todolist-app\\src\\middlewares\\schemas\\category.schema.js","statementMap":{"0":{"start":{"line":3,"column":12},"end":{"line":3,"column":26}},"1":{"start":{"line":5,"column":29},"end":{"line":7,"column":2}},"2":{"start":{"line":9,"column":0},"end":{"line":9,"column":42}}},"fnMap":{},"branchMap":{},"s":{"0":7,"1":7,"2":7},"f":{},"b":{},"_coverageSchema":"1a1c01bbd47fc00a2c39e90264f33305004495a9","hash":"ba9324998b5d98108a996a2ace3c026b23b7b8e4"}
,"C:\\_vibe\\todolist-app\\src\\middlewares\\schemas\\todo.schema.js": {"path":"C:\\_vibe\\todolist-app\\src\\middlewares\\schemas\\todo.schema.js","statementMap":{"0":{"start":{"line":3,"column":12},"end":{"line":3,"column":26}},"1":{"start":{"line":5,"column":25},"end":{"line":10,"column":2}},"2":{"start":{"line":12,"column":25},"end":{"line":17,"column":2}},"3":{"start":{"line":19,"column":28},"end":{"line":33,"column":2}},"4":{"start":{"line":27,"column":2},"end":{"line":29,"column":3}},"5":{"start":{"line":28,"column":4},"end":{"line":28,"column":40}},"6":{"start":{"line":30,"column":2},"end":{"line":30,"column":15}},"7":{"start":{"line":35,"column":0},"end":{"line":35,"column":77}}},"fnMap":{"0":{"name":"(anonymous_0)","decl":{"start":{"line":26,"column":10},"end":{"line":26,"column":11}},"loc":{"start":{"line":26,"column":30},"end":{"line":31,"column":1}},"line":26}},"branchMap":{"0":{"loc":{"start":{"line":27,"column":2},"end":{"line":29,"column":3}},"type":"if","locations":[{"start":{"line":27,"column":2},"end":{"line":29,"column":3}},{"start":{},"end":{}}],"line":27},"1":{"loc":{"start":{"line":27,"column":6},"end":{"line":27,"column":81}},"type":"binary-expr","locations":[{"start":{"line":27,"column":6},"end":{"line":27,"column":23}},{"start":{"line":27,"column":27},"end":{"line":27,"column":42}},{"start":{"line":27,"column":46},"end":{"line":27,"column":81}}],"line":27}},"s":{"0":7,"1":7,"2":7,"3":7,"4":25,"5":4,"6":21,"7":7},"f":{"0":25},"b":{"0":[4,21],"1":[25,7,6]},"_coverageSchema":"1a1c01bbd47fc00a2c39e90264f33305004495a9","hash":"7204d77fc0dd058ac32ebae55ffc7f73d5e793bb"}
,"C:\\_vibe\\todolist-app\\src\\middlewares\\schemas\\user.schema.js": {"path":"C:\\_vibe\\todolist-app\\src\\middlewares\\schemas\\user.schema.js","statementMap":{"0":{"start":{"line":3,"column":12},"end":{"line":3,"column":26}},"1":{"start":{"line":5,"column":32},"end":{"line":10,"column":2}},"2":{"start":{"line":12,"column":0},"end":{"line":12,"column":45}}},"fnMap":{},"branchMap":{},"s":{"0":6,"1":6,"2":6},"f":{},"b":{},"_coverageSchema":"1a1c01bbd47fc00a2c39e90264f33305004495a9","hash":"28499dfa4b04971e41f55c8545182e9f0c46fa3c"}
,"C:\\_vibe\\todolist-app\\src\\repositories\\categoryRepository.js": {"path":"C:\\_vibe\\todolist-app\\src\\repositories\\categoryRepository.js","statementMap":{"0":{"start":{"line":3,"column":17},"end":{"line":3,"column":38}},"1":{"start":{"line":6,"column":19},"end":{"line":13,"column":3}},"2":{"start":{"line":14,"column":2},"end":{"line":14,"column":14}},"3":{"start":{"line":18,"column":19},"end":{"line":22,"column":3}},"4":{"start":{"line":23,"column":2},"end":{"line":23,"column":25}},"5":{"start":{"line":27,"column":19},"end":{"line":33,"column":3}},"6":{"start":{"line":34,"column":2},"end":{"line":34,"column":17}},"7":{"start":{"line":38,"column":19},"end":{"line":42,"column":3}},"8":{"start":{"line":43,"column":2},"end":{"line":43,"column":25}},"9":{"start":{"line":47,"column":19},"end":{"line":51,"column":3}},"10":{"start":{"line":52,"column":2},"end":{"line":52,"column":25}},"11":{"start":{"line":55,"column":0},"end":{"line":61,"column":2}}},"fnMap":{"0":{"name":"findAllByUser","decl":{"start":{"line":5,"column":15},"end":{"line":5,"column":28}},"loc":{"start":{"line":5,"column":37},"end":{"line":15,"column":1}},"line":5},"1":{"name":"findByNameAndUser","decl":{"start":{"line":17,"column":15},"end":{"line":17,"column":32}},"loc":{"start":{"line":17,"column":47},"end":{"line":24,"column":1}},"line":17},"2":{"name":"create","decl":{"start":{"line":26,"column":15},"end":{"line":26,"column":21}},"loc":{"start":{"line":26,"column":40},"end":{"line":35,"column":1}},"line":26},"3":{"name":"findDefaultGeneralCategory","decl":{"start":{"line":37,"column":15},"end":{"line":37,"column":41}},"loc":{"start":{"line":37,"column":44},"end":{"line":44,"column":1}},"line":37},"4":{"name":"findAccessible","decl":{"start":{"line":46,"column":15},"end":{"line":46,"column":29}},"loc":{"start":{"line":46,"column":50},"end":{"line":53,"column":1}},"line":46}},"branchMap":{"0":{"loc":{"start":{"line":23,"column":9},"end":{"line":23,"column":24}},"type":"binary-expr","locations":[{"start":{"line":23,"column":9},"end":{"line":23,"column":16}},{"start":{"line":23,"column":20},"end":{"line":23,"column":24}}],"line":23},"1":{"loc":{"start":{"line":43,"column":9},"end":{"line":43,"column":24}},"type":"binary-expr","locations":[{"start":{"line":43,"column":9},"end":{"line":43,"column":16}},{"start":{"line":43,"column":20},"end":{"line":43,"column":24}}],"line":43},"2":{"loc":{"start":{"line":52,"column":9},"end":{"line":52,"column":24}},"type":"binary-expr","locations":[{"start":{"line":52,"column":9},"end":{"line":52,"column":16}},{"start":{"line":52,"column":20},"end":{"line":52,"column":24}}],"line":52}},"s":{"0":8,"1":9,"2":9,"3":9,"4":9,"5":6,"6":6,"7":5,"8":5,"9":4,"10":4,"11":8},"f":{"0":9,"1":9,"2":6,"3":5,"4":4},"b":{"0":[9,5],"1":[5,3],"2":[4,2]},"_coverageSchema":"1a1c01bbd47fc00a2c39e90264f33305004495a9","hash":"fa21868e33da3ffac007b6a3cb78e232b52a1d53"}
,"C:\\_vibe\\todolist-app\\src\\repositories\\todoRepository.js": {"path":"C:\\_vibe\\todolist-app\\src\\repositories\\todoRepository.js","statementMap":{"0":{"start":{"line":3,"column":17},"end":{"line":3,"column":38}},"1":{"start":{"line":5,"column":20},"end":{"line":24,"column":1}},"2":{"start":{"line":27,"column":21},"end":{"line":27,"column":39}},"3":{"start":{"line":28,"column":17},"end":{"line":28,"column":25}},"4":{"start":{"line":29,"column":12},"end":{"line":29,"column":13}},"5":{"start":{"line":31,"column":2},"end":{"line":34,"column":3}},"6":{"start":{"line":32,"column":4},"end":{"line":32,"column":49}},"7":{"start":{"line":33,"column":4},"end":{"line":33,"column":28}},"8":{"start":{"line":35,"column":2},"end":{"line":38,"column":3}},"9":{"start":{"line":36,"column":4},"end":{"line":36,"column":50}},"10":{"start":{"line":37,"column":4},"end":{"line":37,"column":29}},"11":{"start":{"line":39,"column":2},"end":{"line":42,"column":3}},"12":{"start":{"line":40,"column":4},"end":{"line":40,"column":47}},"13":{"start":{"line":41,"column":4},"end":{"line":41,"column":29}},"14":{"start":{"line":43,"column":2},"end":{"line":46,"column":3}},"15":{"start":{"line":44,"column":4},"end":{"line":44,"column":47}},"16":{"start":{"line":45,"column":4},"end":{"line":45,"column":27}},"17":{"start":{"line":48,"column":16},"end":{"line":48,"column":40}},"18":{"start":{"line":50,"column":19},"end":{"line":53,"column":3}},"19":{"start":{"line":54,"column":16},"end":{"line":54,"column":52}},"20":{"start":{"line":56,"column":17},"end":{"line":56,"column":34}},"21":{"start":{"line":57,"column":18},"end":{"line":60,"column":3}},"22":{"start":{"line":62,"column":2},"end":{"line":70,"column":4}},"23":{"start":{"line":74,"column":19},"end":{"line":79,"column":3}},"24":{"start":{"line":80,"column":2},"end":{"line":80,"column":30}},"25":{"start":{"line":84,"column":19},"end":{"line":84,"column":75}},"26":{"start":{"line":85,"column":2},"end":{"line":85,"column":25}},"27":{"start":{"line":89,"column":21},"end":{"line":89,"column":23}},"28":{"start":{"line":90,"column":17},"end":{"line":90,"column":19}},"29":{"start":{"line":91,"column":12},"end":{"line":91,"column":13}},"30":{"start":{"line":93,"column":14},"end":{"line":100,"column":3}},"31":{"start":{"line":102,"column":2},"end":{"line":107,"column":3}},"32":{"start":{"line":103,"column":4},"end":{"line":106,"column":5}},"33":{"start":{"line":104,"column":6},"end":{"line":104,"column":44}},"34":{"start":{"line":105,"column":6},"end":{"line":105,"column":31}},"35":{"start":{"line":109,"column":2},"end":{"line":109,"column":40}},"36":{"start":{"line":110,"column":2},"end":{"line":110,"column":18}},"37":{"start":{"line":112,"column":2},"end":{"line":115,"column":4}},"38":{"start":{"line":117,"column":2},"end":{"line":117,"column":22}},"39":{"start":{"line":121,"column":2},"end":{"line":121,"column":60}},"40":{"start":{"line":124,"column":0},"end":{"line":124,"column":64}}},"fnMap":{"0":{"name":"find","decl":{"start":{"line":26,"column":15},"end":{"line":26,"column":19}},"loc":{"start":{"line":26,"column":102},"end":{"line":71,"column":1}},"line":26},"1":{"name":"create","decl":{"start":{"line":73,"column":15},"end":{"line":73,"column":21}},"loc":{"start":{"line":73,"column":75},"end":{"line":81,"column":1}},"line":73},"2":{"name":"findById","decl":{"start":{"line":83,"column":15},"end":{"line":83,"column":23}},"loc":{"start":{"line":83,"column":28},"end":{"line":86,"column":1}},"line":83},"3":{"name":"update","decl":{"start":{"line":88,"column":15},"end":{"line":88,"column":21}},"loc":{"start":{"line":88,"column":34},"end":{"line":118,"column":1}},"line":88},"4":{"name":"deleteById","decl":{"start":{"line":120,"column":15},"end":{"line":120,"column":25}},"loc":{"start":{"line":120,"column":30},"end":{"line":122,"column":1}},"line":120}},"branchMap":{"0":{"loc":{"start":{"line":26,"column":79},"end":{"line":26,"column":87}},"type":"default-arg","locations":[{"start":{"line":26,"column":86},"end":{"line":26,"column":87}}],"line":26},"1":{"loc":{"start":{"line":26,"column":89},"end":{"line":26,"column":98}},"type":"default-arg","locations":[{"start":{"line":26,"column":96},"end":{"line":26,"column":98}}],"line":26},"2":{"loc":{"start":{"line":31,"column":2},"end":{"line":34,"column":3}},"type":"if","locations":[{"start":{"line":31,"column":2},"end":{"line":34,"column":3}},{"start":{},"end":{}}],"line":31},"3":{"loc":{"start":{"line":35,"column":2},"end":{"line":38,"column":3}},"type":"if","locations":[{"start":{"line":35,"column":2},"end":{"line":38,"column":3}},{"start":{},"end":{}}],"line":35},"4":{"loc":{"start":{"line":39,"column":2},"end":{"line":42,"column":3}},"type":"if","locations":[{"start":{"line":39,"column":2},"end":{"line":42,"column":3}},{"start":{},"end":{}}],"line":39},"5":{"loc":{"start":{"line":43,"column":2},"end":{"line":46,"column":3}},"type":"if","locations":[{"start":{"line":43,"column":2},"end":{"line":46,"column":3}},{"start":{},"end":{}}],"line":43},"6":{"loc":{"start":{"line":68,"column":18},"end":{"line":68,"column":46}},"type":"binary-expr","locations":[{"start":{"line":68,"column":18},"end":{"line":68,"column":41}},{"start":{"line":68,"column":45},"end":{"line":68,"column":46}}],"line":68},"7":{"loc":{"start":{"line":78,"column":32},"end":{"line":78,"column":51}},"type":"binary-expr","locations":[{"start":{"line":78,"column":32},"end":{"line":78,"column":43}},{"start":{"line":78,"column":47},"end":{"line":78,"column":51}}],"line":78},"8":{"loc":{"start":{"line":78,"column":53},"end":{"line":78,"column":68}},"type":"binary-expr","locations":[{"start":{"line":78,"column":53},"end":{"line":78,"column":60}},{"start":{"line":78,"column":64},"end":{"line":78,"column":68}}],"line":78},"9":{"loc":{"start":{"line":85,"column":9},"end":{"line":85,"column":24}},"type":"binary-expr","locations":[{"start":{"line":85,"column":9},"end":{"line":85,"column":16}},{"start":{"line":85,"column":20},"end":{"line":85,"column":24}}],"line":85},"10":{"loc":{"start":{"line":103,"column":4},"end":{"line":106,"column":5}},"type":"if","locations":[{"start":{"line":103,"column":4},"end":{"line":106,"column":5}},{"start":{},"end":{}}],"line":103}},"s":{"0":8,"1":8,"2":22,"3":22,"4":22,"5":22,"6":3,"7":3,"8":22,"9":3,"10":3,"11":22,"12":1,"13":1,"14":22,"15":1,"16":1,"17":22,"18":22,"19":22,"20":22,"21":22,"22":22,"23":11,"24":11,"25":31,"26":31,"27":8,"28":8,"29":8,"30":8,"31":8,"32":48,"33":12,"34":12,"35":8,"36":8,"37":8,"38":8,"39":3,"40":8},"f":{"0":22,"1":11,"2":31,"3":8,"4":3},"b":{"0":[15],"1":[15],"2":[3,19],"3":[3,19],"4":[1,21],"5":[1,21],"6":[22,2],"7":[11,7],"8":[11,6],"9":[31,3],"10":[12,36]},"_coverageSchema":"1a1c01bbd47fc00a2c39e90264f33305004495a9","hash":"eb6046a4cf841dec7d0afe7540d102c14f45f093"}
,"C:\\_vibe\\todolist-app\\src\\repositories\\userRepository.js": {"path":"C:\\_vibe\\todolist-app\\src\\repositories\\userRepository.js","statementMap":{"0":{"start":{"line":3,"column":17},"end":{"line":3,"column":38}},"1":{"start":{"line":6,"column":19},"end":{"line":11,"column":3}},"2":{"start":{"line":12,"column":2},"end":{"line":12,"column":25}},"3":{"start":{"line":16,"column":19},"end":{"line":22,"column":3}},"4":{"start":{"line":23,"column":2},"end":{"line":23,"column":17}},"5":{"start":{"line":27,"column":19},"end":{"line":32,"column":3}},"6":{"start":{"line":33,"column":2},"end":{"line":33,"column":25}},"7":{"start":{"line":37,"column":19},"end":{"line":43,"column":3}},"8":{"start":{"line":44,"column":2},"end":{"line":44,"column":25}},"9":{"start":{"line":48,"column":2},"end":{"line":48,"column":60}},"10":{"start":{"line":51,"column":0},"end":{"line":51,"column":76}}},"fnMap":{"0":{"name":"findByEmail","decl":{"start":{"line":5,"column":15},"end":{"line":5,"column":26}},"loc":{"start":{"line":5,"column":34},"end":{"line":13,"column":1}},"line":5},"1":{"name":"create","decl":{"start":{"line":15,"column":15},"end":{"line":15,"column":21}},"loc":{"start":{"line":15,"column":49},"end":{"line":24,"column":1}},"line":15},"2":{"name":"findById","decl":{"start":{"line":26,"column":15},"end":{"line":26,"column":23}},"loc":{"start":{"line":26,"column":28},"end":{"line":34,"column":1}},"line":26},"3":{"name":"updateTheme","decl":{"start":{"line":36,"column":15},"end":{"line":36,"column":26}},"loc":{"start":{"line":36,"column":38},"end":{"line":45,"column":1}},"line":36},"4":{"name":"deleteById","decl":{"start":{"line":47,"column":15},"end":{"line":47,"column":25}},"loc":{"start":{"line":47,"column":30},"end":{"line":49,"column":1}},"line":47}},"branchMap":{"0":{"loc":{"start":{"line":12,"column":9},"end":{"line":12,"column":24}},"type":"binary-expr","locations":[{"start":{"line":12,"column":9},"end":{"line":12,"column":16}},{"start":{"line":12,"column":20},"end":{"line":12,"column":24}}],"line":12},"1":{"loc":{"start":{"line":33,"column":9},"end":{"line":33,"column":24}},"type":"binary-expr","locations":[{"start":{"line":33,"column":9},"end":{"line":33,"column":16}},{"start":{"line":33,"column":20},"end":{"line":33,"column":24}}],"line":33},"2":{"loc":{"start":{"line":44,"column":9},"end":{"line":44,"column":24}},"type":"binary-expr","locations":[{"start":{"line":44,"column":9},"end":{"line":44,"column":16}},{"start":{"line":44,"column":20},"end":{"line":44,"column":24}}],"line":44}},"s":{"0":10,"1":15,"2":15,"3":9,"4":9,"5":8,"6":8,"7":0,"8":0,"9":4,"10":10},"f":{"0":15,"1":9,"2":8,"3":0,"4":4},"b":{"0":[15,8],"1":[8,2],"2":[0,0]},"_coverageSchema":"1a1c01bbd47fc00a2c39e90264f33305004495a9","hash":"ccf338715dc381a19044dca5cd13c10adcef024a"}
,"C:\\_vibe\\todolist-app\\src\\routes\\auth.routes.js": {"path":"C:\\_vibe\\todolist-app\\src\\routes\\auth.routes.js","statementMap":{"0":{"start":{"line":3,"column":19},"end":{"line":3,"column":37}},"1":{"start":{"line":4,"column":23},"end":{"line":4,"column":63}},"2":{"start":{"line":5,"column":25},"end":{"line":5,"column":55}},"3":{"start":{"line":6,"column":21},"end":{"line":6,"column":55}},"4":{"start":{"line":7,"column":40},"end":{"line":7,"column":85}},"5":{"start":{"line":9,"column":15},"end":{"line":9,"column":23}},"6":{"start":{"line":11,"column":0},"end":{"line":11,"column":76}},"7":{"start":{"line":12,"column":0},"end":{"line":12,"column":67}},"8":{"start":{"line":13,"column":0},"end":{"line":13,"column":60}},"9":{"start":{"line":15,"column":0},"end":{"line":15,"column":24}}},"fnMap":{},"branchMap":{},"s":{"0":6,"1":6,"2":6,"3":6,"4":6,"5":6,"6":6,"7":6,"8":6,"9":6},"f":{},"b":{},"_coverageSchema":"1a1c01bbd47fc00a2c39e90264f33305004495a9","hash":"ce8b4936fbc66638f998e6a0b2ca3505b9cffda3"}
,"C:\\_vibe\\todolist-app\\src\\routes\\category.routes.js": {"path":"C:\\_vibe\\todolist-app\\src\\routes\\category.routes.js","statementMap":{"0":{"start":{"line":3,"column":19},"end":{"line":3,"column":37}},"1":{"start":{"line":4,"column":27},"end":{"line":4,"column":71}},"2":{"start":{"line":5,"column":25},"end":{"line":5,"column":55}},"3":{"start":{"line":6,"column":21},"end":{"line":6,"column":55}},"4":{"start":{"line":7,"column":33},"end":{"line":7,"column":82}},"5":{"start":{"line":9,"column":15},"end":{"line":9,"column":23}},"6":{"start":{"line":11,"column":0},"end":{"line":11,"column":25}},"7":{"start":{"line":13,"column":0},"end":{"line":13,"column":50}},"8":{"start":{"line":14,"column":0},"end":{"line":14,"column":84}},"9":{"start":{"line":16,"column":0},"end":{"line":16,"column":24}}},"fnMap":{},"branchMap":{},"s":{"0":6,"1":6,"2":6,"3":6,"4":6,"5":6,"6":6,"7":6,"8":6,"9":6},"f":{},"b":{},"_coverageSchema":"1a1c01bbd47fc00a2c39e90264f33305004495a9","hash":"3e1d508f2e48f3b610d13228026b7dd4408ef31c"}
,"C:\\_vibe\\todolist-app\\src\\routes\\todo.routes.js": {"path":"C:\\_vibe\\todolist-app\\src\\routes\\todo.routes.js","statementMap":{"0":{"start":{"line":3,"column":19},"end":{"line":3,"column":37}},"1":{"start":{"line":4,"column":23},"end":{"line":4,"column":63}},"2":{"start":{"line":5,"column":25},"end":{"line":5,"column":55}},"3":{"start":{"line":6,"column":21},"end":{"line":6,"column":55}},"4":{"start":{"line":11,"column":4},"end":{"line":11,"column":49}},"5":{"start":{"line":13,"column":15},"end":{"line":13,"column":23}},"6":{"start":{"line":16,"column":0},"end":{"line":16,"column":25}},"7":{"start":{"line":18,"column":0},"end":{"line":18,"column":81}},"8":{"start":{"line":19,"column":0},"end":{"line":19,"column":72}},"9":{"start":{"line":20,"column":0},"end":{"line":20,"column":74}},"10":{"start":{"line":21,"column":0},"end":{"line":21,"column":59}},"11":{"start":{"line":22,"column":0},"end":{"line":22,"column":49}},"12":{"start":{"line":24,"column":0},"end":{"line":24,"column":24}}},"fnMap":{},"branchMap":{},"s":{"0":6,"1":6,"2":6,"3":6,"4":6,"5":6,"6":6,"7":6,"8":6,"9":6,"10":6,"11":6,"12":6},"f":{},"b":{},"_coverageSchema":"1a1c01bbd47fc00a2c39e90264f33305004495a9","hash":"17a7d52851c891c154249b1e63dad263cd56c0b0"}
,"C:\\_vibe\\todolist-app\\src\\routes\\user.routes.js": {"path":"C:\\_vibe\\todolist-app\\src\\routes\\user.routes.js","statementMap":{"0":{"start":{"line":3,"column":19},"end":{"line":3,"column":37}},"1":{"start":{"line":4,"column":23},"end":{"line":4,"column":63}},"2":{"start":{"line":5,"column":25},"end":{"line":5,"column":55}},"3":{"start":{"line":6,"column":21},"end":{"line":6,"column":55}},"4":{"start":{"line":7,"column":36},"end":{"line":7,"column":81}},"5":{"start":{"line":9,"column":15},"end":{"line":9,"column":23}},"6":{"start":{"line":11,"column":0},"end":{"line":11,"column":25}},"7":{"start":{"line":13,"column":0},"end":{"line":13,"column":40}},"8":{"start":{"line":14,"column":0},"end":{"line":14,"column":101}},"9":{"start":{"line":15,"column":0},"end":{"line":15,"column":46}},"10":{"start":{"line":17,"column":0},"end":{"line":17,"column":24}}},"fnMap":{},"branchMap":{},"s":{"0":6,"1":6,"2":6,"3":6,"4":6,"5":6,"6":6,"7":6,"8":6,"9":6,"10":6},"f":{},"b":{},"_coverageSchema":"1a1c01bbd47fc00a2c39e90264f33305004495a9","hash":"452467c6dae43cea7ce12a38ae694546fb400e4b"}
,"C:\\_vibe\\todolist-app\\src\\services\\authService.js": {"path":"C:\\_vibe\\todolist-app\\src\\services\\authService.js","statementMap":{"0":{"start":{"line":3,"column":23},"end":{"line":3,"column":64}},"1":{"start":{"line":4,"column":42},"end":{"line":4,"column":75}},"2":{"start":{"line":5,"column":26},"end":{"line":5,"column":56}},"3":{"start":{"line":6,"column":21},"end":{"line":6,"column":59}},"4":{"start":{"line":7,"column":37},"end":{"line":7,"column":70}},"5":{"start":{"line":10,"column":2},"end":{"line":16,"column":4}},"6":{"start":{"line":20,"column":19},"end":{"line":20,"column":58}},"7":{"start":{"line":21,"column":2},"end":{"line":23,"column":3}},"8":{"start":{"line":22,"column":4},"end":{"line":22,"column":87}},"9":{"start":{"line":25,"column":17},"end":{"line":25,"column":45}},"10":{"start":{"line":26,"column":15},"end":{"line":26,"column":77}},"11":{"start":{"line":27,"column":22},"end":{"line":27,"column":71}},"12":{"start":{"line":29,"column":2},"end":{"line":29,"column":49}},"13":{"start":{"line":33,"column":15},"end":{"line":33,"column":54}},"14":{"start":{"line":35,"column":2},"end":{"line":41,"column":3}},"15":{"start":{"line":36,"column":4},"end":{"line":40,"column":6}},"16":{"start":{"line":43,"column":18},"end":{"line":43,"column":64}},"17":{"start":{"line":44,"column":2},"end":{"line":50,"column":3}},"18":{"start":{"line":45,"column":4},"end":{"line":49,"column":6}},"19":{"start":{"line":52,"column":22},"end":{"line":52,"column":71}},"20":{"start":{"line":54,"column":2},"end":{"line":54,"column":49}},"21":{"start":{"line":58,"column":2},"end":{"line":58,"column":35}},"22":{"start":{"line":61,"column":0},"end":{"line":61,"column":45}}},"fnMap":{"0":{"name":"formatUser","decl":{"start":{"line":9,"column":9},"end":{"line":9,"column":19}},"loc":{"start":{"line":9,"column":26},"end":{"line":17,"column":1}},"line":9},"1":{"name":"register","decl":{"start":{"line":19,"column":15},"end":{"line":19,"column":23}},"loc":{"start":{"line":19,"column":51},"end":{"line":30,"column":1}},"line":19},"2":{"name":"login","decl":{"start":{"line":32,"column":15},"end":{"line":32,"column":20}},"loc":{"start":{"line":32,"column":42},"end":{"line":55,"column":1}},"line":32},"3":{"name":"logout","decl":{"start":{"line":57,"column":9},"end":{"line":57,"column":15}},"loc":{"start":{"line":57,"column":18},"end":{"line":59,"column":1}},"line":57}},"branchMap":{"0":{"loc":{"start":{"line":21,"column":2},"end":{"line":23,"column":3}},"type":"if","locations":[{"start":{"line":21,"column":2},"end":{"line":23,"column":3}},{"start":{},"end":{}}],"line":21},"1":{"loc":{"start":{"line":35,"column":2},"end":{"line":41,"column":3}},"type":"if","locations":[{"start":{"line":35,"column":2},"end":{"line":41,"column":3}},{"start":{},"end":{}}],"line":35},"2":{"loc":{"start":{"line":44,"column":2},"end":{"line":50,"column":3}},"type":"if","locations":[{"start":{"line":44,"column":2},"end":{"line":50,"column":3}},{"start":{},"end":{}}],"line":44}},"s":{"0":7,"1":7,"2":7,"3":7,"4":7,"5":20,"6":17,"7":17,"8":4,"9":13,"10":13,"11":13,"12":13,"13":15,"14":15,"15":4,"16":11,"17":11,"18":4,"19":7,"20":7,"21":3,"22":7},"f":{"0":20,"1":17,"2":15,"3":3},"b":{"0":[4,13],"1":[4,11],"2":[4,7]},"_coverageSchema":"1a1c01bbd47fc00a2c39e90264f33305004495a9","hash":"0d9b70331607bef88c3eec3237e546ab671f610a"}
,"C:\\_vibe\\todolist-app\\src\\services\\categoryService.js": {"path":"C:\\_vibe\\todolist-app\\src\\services\\categoryService.js","statementMap":{"0":{"start":{"line":3,"column":27},"end":{"line":3,"column":72}},"1":{"start":{"line":4,"column":21},"end":{"line":4,"column":59}},"2":{"start":{"line":5,"column":37},"end":{"line":5,"column":70}},"3":{"start":{"line":8,"column":21},"end":{"line":8,"column":67}},"4":{"start":{"line":9,"column":2},"end":{"line":9,"column":30}},"5":{"start":{"line":14,"column":22},"end":{"line":14,"column":33}},"6":{"start":{"line":17,"column":2},"end":{"line":23,"column":3}},"7":{"start":{"line":18,"column":4},"end":{"line":22,"column":6}},"8":{"start":{"line":26,"column":19},"end":{"line":26,"column":82}},"9":{"start":{"line":27,"column":2},"end":{"line":29,"column":3}},"10":{"start":{"line":28,"column":4},"end":{"line":28,"column":91}},"11":{"start":{"line":31,"column":2},"end":{"line":31,"column":66}},"12":{"start":{"line":35,"column":19},"end":{"line":35,"column":78}},"13":{"start":{"line":36,"column":2},"end":{"line":42,"column":3}},"14":{"start":{"line":37,"column":4},"end":{"line":41,"column":6}},"15":{"start":{"line":45,"column":0},"end":{"line":45,"column":75}}},"fnMap":{"0":{"name":"getCategories","decl":{"start":{"line":7,"column":15},"end":{"line":7,"column":28}},"loc":{"start":{"line":7,"column":37},"end":{"line":10,"column":1}},"line":7},"1":{"name":"createCategory","decl":{"start":{"line":12,"column":15},"end":{"line":12,"column":29}},"loc":{"start":{"line":12,"column":44},"end":{"line":32,"column":1}},"line":12},"2":{"name":"validateCategoryAccess","decl":{"start":{"line":34,"column":15},"end":{"line":34,"column":37}},"loc":{"start":{"line":34,"column":58},"end":{"line":43,"column":1}},"line":34}},"branchMap":{"0":{"loc":{"start":{"line":17,"column":2},"end":{"line":23,"column":3}},"type":"if","locations":[{"start":{"line":17,"column":2},"end":{"line":23,"column":3}},{"start":{},"end":{}}],"line":17},"1":{"loc":{"start":{"line":27,"column":2},"end":{"line":29,"column":3}},"type":"if","locations":[{"start":{"line":27,"column":2},"end":{"line":29,"column":3}},{"start":{},"end":{}}],"line":27},"2":{"loc":{"start":{"line":36,"column":2},"end":{"line":42,"column":3}},"type":"if","locations":[{"start":{"line":36,"column":2},"end":{"line":42,"column":3}},{"start":{},"end":{}}],"line":36}},"s":{"0":7,"1":7,"2":7,"3":8,"4":8,"5":17,"6":17,"7":4,"8":13,"9":13,"10":7,"11":6,"12":5,"13":5,"14":3,"15":7},"f":{"0":8,"1":17,"2":5},"b":{"0":[4,13],"1":[7,6],"2":[3,2]},"_coverageSchema":"1a1c01bbd47fc00a2c39e90264f33305004495a9","hash":"9708564cc31eb3f41394c0dd7c8d6f2296d412c6"}
,"C:\\_vibe\\todolist-app\\src\\services\\todoService.js": {"path":"C:\\_vibe\\todolist-app\\src\\services\\todoService.js","statementMap":{"0":{"start":{"line":3,"column":23},"end":{"line":3,"column":64}},"1":{"start":{"line":4,"column":17},"end":{"line":4,"column":38}},"2":{"start":{"line":5,"column":32},"end":{"line":5,"column":61}},"3":{"start":{"line":6,"column":21},"end":{"line":6,"column":59}},"4":{"start":{"line":7,"column":37},"end":{"line":7,"column":70}},"5":{"start":{"line":14,"column":19},"end":{"line":17,"column":3}},"6":{"start":{"line":18,"column":2},"end":{"line":24,"column":3}},"7":{"start":{"line":19,"column":4},"end":{"line":23,"column":6}},"8":{"start":{"line":32,"column":2},"end":{"line":38,"column":3}},"9":{"start":{"line":33,"column":4},"end":{"line":37,"column":6}},"10":{"start":{"line":41,"column":2},"end":{"line":41,"column":51}},"11":{"start":{"line":43,"column":2},"end":{"line":43,"column":84}},"12":{"start":{"line":50,"column":2},"end":{"line":50,"column":53}},"13":{"start":{"line":58,"column":15},"end":{"line":58,"column":52}},"14":{"start":{"line":59,"column":2},"end":{"line":61,"column":3}},"15":{"start":{"line":60,"column":4},"end":{"line":60,"column":87}},"16":{"start":{"line":62,"column":2},"end":{"line":64,"column":3}},"17":{"start":{"line":63,"column":4},"end":{"line":63,"column":85}},"18":{"start":{"line":67,"column":2},"end":{"line":73,"column":3}},"19":{"start":{"line":68,"column":4},"end":{"line":72,"column":6}},"20":{"start":{"line":76,"column":2},"end":{"line":78,"column":3}},"21":{"start":{"line":77,"column":4},"end":{"line":77,"column":60}},"22":{"start":{"line":80,"column":2},"end":{"line":80,"column":47}},"23":{"start":{"line":88,"column":15},"end":{"line":88,"column":52}},"24":{"start":{"line":89,"column":2},"end":{"line":91,"column":3}},"25":{"start":{"line":90,"column":4},"end":{"line":90,"column":87}},"26":{"start":{"line":92,"column":2},"end":{"line":94,"column":3}},"27":{"start":{"line":93,"column":4},"end":{"line":93,"column":85}},"28":{"start":{"line":97,"column":25},"end":{"line":97,"column":42}},"29":{"start":{"line":98,"column":2},"end":{"line":101,"column":5}},"30":{"start":{"line":109,"column":15},"end":{"line":109,"column":52}},"31":{"start":{"line":110,"column":2},"end":{"line":112,"column":3}},"32":{"start":{"line":111,"column":4},"end":{"line":111,"column":87}},"33":{"start":{"line":113,"column":2},"end":{"line":115,"column":3}},"34":{"start":{"line":114,"column":4},"end":{"line":114,"column":85}},"35":{"start":{"line":117,"column":2},"end":{"line":117,"column":42}},"36":{"start":{"line":120,"column":0},"end":{"line":120,"column":80}}},"fnMap":{"0":{"name":"validateCategoryAccess","decl":{"start":{"line":13,"column":15},"end":{"line":13,"column":37}},"loc":{"start":{"line":13,"column":58},"end":{"line":25,"column":1}},"line":13},"1":{"name":"createTodo","decl":{"start":{"line":30,"column":15},"end":{"line":30,"column":25}},"loc":{"start":{"line":30,"column":79},"end":{"line":44,"column":1}},"line":30},"2":{"name":"getTodos","decl":{"start":{"line":49,"column":15},"end":{"line":49,"column":23}},"loc":{"start":{"line":49,"column":41},"end":{"line":51,"column":1}},"line":49},"3":{"name":"updateTodo","decl":{"start":{"line":56,"column":15},"end":{"line":56,"column":25}},"loc":{"start":{"line":56,"column":50},"end":{"line":81,"column":1}},"line":56},"4":{"name":"completeTodo","decl":{"start":{"line":86,"column":15},"end":{"line":86,"column":27}},"loc":{"start":{"line":86,"column":44},"end":{"line":102,"column":1}},"line":86},"5":{"name":"deleteTodo","decl":{"start":{"line":107,"column":15},"end":{"line":107,"column":25}},"loc":{"start":{"line":107,"column":42},"end":{"line":118,"column":1}},"line":107}},"branchMap":{"0":{"loc":{"start":{"line":18,"column":2},"end":{"line":24,"column":3}},"type":"if","locations":[{"start":{"line":18,"column":2},"end":{"line":24,"column":3}},{"start":{},"end":{}}],"line":18},"1":{"loc":{"start":{"line":32,"column":2},"end":{"line":38,"column":3}},"type":"if","locations":[{"start":{"line":32,"column":2},"end":{"line":38,"column":3}},{"start":{},"end":{}}],"line":32},"2":{"loc":{"start":{"line":32,"column":6},"end":{"line":32,"column":46}},"type":"binary-expr","locations":[{"start":{"line":32,"column":6},"end":{"line":32,"column":13}},{"start":{"line":32,"column":17},"end":{"line":32,"column":46}}],"line":32},"3":{"loc":{"start":{"line":59,"column":2},"end":{"line":61,"column":3}},"type":"if","locations":[{"start":{"line":59,"column":2},"end":{"line":61,"column":3}},{"start":{},"end":{}}],"line":59},"4":{"loc":{"start":{"line":62,"column":2},"end":{"line":64,"column":3}},"type":"if","locations":[{"start":{"line":62,"column":2},"end":{"line":64,"column":3}},{"start":{},"end":{}}],"line":62},"5":{"loc":{"start":{"line":67,"column":2},"end":{"line":73,"column":3}},"type":"if","locations":[{"start":{"line":67,"column":2},"end":{"line":73,"column":3}},{"start":{},"end":{}}],"line":67},"6":{"loc":{"start":{"line":67,"column":6},"end":{"line":67,"column":60}},"type":"binary-expr","locations":[{"start":{"line":67,"column":6},"end":{"line":67,"column":20}},{"start":{"line":67,"column":24},"end":{"line":67,"column":60}}],"line":67},"7":{"loc":{"start":{"line":76,"column":2},"end":{"line":78,"column":3}},"type":"if","locations":[{"start":{"line":76,"column":2},"end":{"line":78,"column":3}},{"start":{},"end":{}}],"line":76},"8":{"loc":{"start":{"line":89,"column":2},"end":{"line":91,"column":3}},"type":"if","locations":[{"start":{"line":89,"column":2},"end":{"line":91,"column":3}},{"start":{},"end":{}}],"line":89},"9":{"loc":{"start":{"line":92,"column":2},"end":{"line":94,"column":3}},"type":"if","locations":[{"start":{"line":92,"column":2},"end":{"line":94,"column":3}},{"start":{},"end":{}}],"line":92},"10":{"loc":{"start":{"line":100,"column":17},"end":{"line":100,"column":65}},"type":"cond-expr","locations":[{"start":{"line":100,"column":34},"end":{"line":100,"column":58}},{"start":{"line":100,"column":61},"end":{"line":100,"column":65}}],"line":100},"11":{"loc":{"start":{"line":110,"column":2},"end":{"line":112,"column":3}},"type":"if","locations":[{"start":{"line":110,"column":2},"end":{"line":112,"column":3}},{"start":{},"end":{}}],"line":110},"12":{"loc":{"start":{"line":113,"column":2},"end":{"line":115,"column":3}},"type":"if","locations":[{"start":{"line":113,"column":2},"end":{"line":115,"column":3}},{"start":{},"end":{}}],"line":113}},"s":{"0":7,"1":7,"2":7,"3":7,"4":7,"5":16,"6":16,"7":3,"8":16,"9":3,"10":13,"11":11,"12":8,"13":10,"14":10,"15":2,"16":8,"17":2,"18":6,"19":1,"20":5,"21":3,"22":4,"23":9,"24":9,"25":2,"26":7,"27":2,"28":5,"29":5,"30":9,"31":9,"32":3,"33":6,"34":3,"35":3,"36":7},"f":{"0":16,"1":16,"2":8,"3":10,"4":9,"5":9},"b":{"0":[3,13],"1":[3,13],"2":[16,10],"3":[2,8],"4":[2,6],"5":[1,5],"6":[6,1],"7":[3,2],"8":[2,7],"9":[2,5],"10":[3,2],"11":[3,6],"12":[3,3]},"_coverageSchema":"1a1c01bbd47fc00a2c39e90264f33305004495a9","hash":"eb4b7560126154e695f194c3244828a93b43ef23"}
,"C:\\_vibe\\todolist-app\\src\\services\\userService.js": {"path":"C:\\_vibe\\todolist-app\\src\\services\\userService.js","statementMap":{"0":{"start":{"line":3,"column":23},"end":{"line":3,"column":64}},"1":{"start":{"line":4,"column":21},"end":{"line":4,"column":59}},"2":{"start":{"line":5,"column":37},"end":{"line":5,"column":70}},"3":{"start":{"line":8,"column":15},"end":{"line":8,"column":52}},"4":{"start":{"line":9,"column":2},"end":{"line":11,"column":3}},"5":{"start":{"line":10,"column":4},"end":{"line":10,"column":88}},"6":{"start":{"line":12,"column":2},"end":{"line":12,"column":14}},"7":{"start":{"line":16,"column":15},"end":{"line":16,"column":62}},"8":{"start":{"line":17,"column":2},"end":{"line":19,"column":3}},"9":{"start":{"line":18,"column":4},"end":{"line":18,"column":88}},"10":{"start":{"line":20,"column":2},"end":{"line":20,"column":31}},"11":{"start":{"line":24,"column":2},"end":{"line":24,"column":42}},"12":{"start":{"line":27,"column":0},"end":{"line":27,"column":56}}},"fnMap":{"0":{"name":"getMe","decl":{"start":{"line":7,"column":15},"end":{"line":7,"column":20}},"loc":{"start":{"line":7,"column":29},"end":{"line":13,"column":1}},"line":7},"1":{"name":"updatePreferences","decl":{"start":{"line":15,"column":15},"end":{"line":15,"column":32}},"loc":{"start":{"line":15,"column":52},"end":{"line":21,"column":1}},"line":15},"2":{"name":"deleteMe","decl":{"start":{"line":23,"column":15},"end":{"line":23,"column":23}},"loc":{"start":{"line":23,"column":32},"end":{"line":25,"column":1}},"line":23}},"branchMap":{"0":{"loc":{"start":{"line":9,"column":2},"end":{"line":11,"column":3}},"type":"if","locations":[{"start":{"line":9,"column":2},"end":{"line":11,"column":3}},{"start":{},"end":{}}],"line":9},"1":{"loc":{"start":{"line":17,"column":2},"end":{"line":19,"column":3}},"type":"if","locations":[{"start":{"line":17,"column":2},"end":{"line":19,"column":3}},{"start":{},"end":{}}],"line":17}},"s":{"0":7,"1":7,"2":7,"3":12,"4":12,"5":5,"6":7,"7":0,"8":0,"9":0,"10":0,"11":6,"12":7},"f":{"0":12,"1":0,"2":6},"b":{"0":[5,7],"1":[0,0]},"_coverageSchema":"1a1c01bbd47fc00a2c39e90264f33305004495a9","hash":"817db2eaa52583a6ab055bc13aa317e17d3465df"}
,"C:\\_vibe\\todolist-app\\src\\utils\\dateUtils.js": {"path":"C:\\_vibe\\todolist-app\\src\\utils\\dateUtils.js","statementMap":{"0":{"start":{"line":4,"column":16},"end":{"line":4,"column":26}},"1":{"start":{"line":5,"column":2},"end":{"line":5,"column":29}},"2":{"start":{"line":6,"column":17},"end":{"line":6,"column":34}},"3":{"start":{"line":7,"column":2},"end":{"line":7,"column":30}},"4":{"start":{"line":8,"column":2},"end":{"line":8,"column":25}},"5":{"start":{"line":11,"column":0},"end":{"line":11,"column":41}}},"fnMap":{"0":{"name":"isDateTodayOrFuture","decl":{"start":{"line":3,"column":9},"end":{"line":3,"column":28}},"loc":{"start":{"line":3,"column":38},"end":{"line":9,"column":1}},"line":3}},"branchMap":{},"s":{"0":12,"1":12,"2":12,"3":12,"4":12,"5":8},"f":{"0":12},"b":{},"_coverageSchema":"1a1c01bbd47fc00a2c39e90264f33305004495a9","hash":"88f330582cf5076b96b86305a1b205aa29c4c5cb"}
,"C:\\_vibe\\todolist-app\\src\\utils\\passwordUtils.js": {"path":"C:\\_vibe\\todolist-app\\src\\utils\\passwordUtils.js","statementMap":{"0":{"start":{"line":3,"column":15},"end":{"line":3,"column":32}},"1":{"start":{"line":6,"column":17},"end":{"line":6,"column":67}},"2":{"start":{"line":7,"column":2},"end":{"line":7,"column":36}},"3":{"start":{"line":11,"column":2},"end":{"line":11,"column":37}},"4":{"start":{"line":14,"column":0},"end":{"line":14,"column":51}}},"fnMap":{"0":{"name":"hashPassword","decl":{"start":{"line":5,"column":15},"end":{"line":5,"column":27}},"loc":{"start":{"line":5,"column":35},"end":{"line":8,"column":1}},"line":5},"1":{"name":"comparePassword","decl":{"start":{"line":10,"column":15},"end":{"line":10,"column":30}},"loc":{"start":{"line":10,"column":44},"end":{"line":12,"column":1}},"line":10}},"branchMap":{"0":{"loc":{"start":{"line":6,"column":17},"end":{"line":6,"column":67}},"type":"binary-expr","locations":[{"start":{"line":6,"column":17},"end":{"line":6,"column":61}},{"start":{"line":6,"column":65},"end":{"line":6,"column":67}}],"line":6}},"s":{"0":8,"1":13,"2":13,"3":8,"4":8},"f":{"0":13,"1":8},"b":{"0":[13,2]},"_coverageSchema":"1a1c01bbd47fc00a2c39e90264f33305004495a9","hash":"08d1f9652c0ff992561eece6221c72b0b68996e5"}
,"C:\\_vibe\\todolist-app\\src\\utils\\tokenUtils.js": {"path":"C:\\_vibe\\todolist-app\\src\\utils\\tokenUtils.js","statementMap":{"0":{"start":{"line":3,"column":12},"end":{"line":3,"column":35}},"1":{"start":{"line":6,"column":2},"end":{"line":8,"column":5}},"2":{"start":{"line":12,"column":2},"end":{"line":12,"column":51}},"3":{"start":{"line":15,"column":0},"end":{"line":15,"column":48}}},"fnMap":{"0":{"name":"generateToken","decl":{"start":{"line":5,"column":9},"end":{"line":5,"column":22}},"loc":{"start":{"line":5,"column":32},"end":{"line":9,"column":1}},"line":5},"1":{"name":"verifyToken","decl":{"start":{"line":11,"column":9},"end":{"line":11,"column":20}},"loc":{"start":{"line":11,"column":28},"end":{"line":13,"column":1}},"line":11}},"branchMap":{"0":{"loc":{"start":{"line":7,"column":15},"end":{"line":7,"column":49}},"type":"binary-expr","locations":[{"start":{"line":7,"column":15},"end":{"line":7,"column":41}},{"start":{"line":7,"column":45},"end":{"line":7,"column":49}}],"line":7}},"s":{"0":12,"1":13,"2":45,"3":12},"f":{"0":13,"1":45},"b":{"0":[13,1]},"_coverageSchema":"1a1c01bbd47fc00a2c39e90264f33305004495a9","hash":"483db3892d5872b765716f7caa4b49ebb4176390"}
,"C:\\_vibe\\todolist-app\\test\\helpers\\setup.js": {"path":"C:\\_vibe\\todolist-app\\test\\helpers\\setup.js","statementMap":{"0":{"start":{"line":3,"column":16},"end":{"line":3,"column":36}},"1":{"start":{"line":4,"column":12},"end":{"line":4,"column":36}},"2":{"start":{"line":5,"column":17},"end":{"line":5,"column":45}},"3":{"start":{"line":15,"column":17},"end":{"line":17,"column":36}},"4":{"start":{"line":19,"column":2},"end":{"line":21,"column":3}},"5":{"start":{"line":20,"column":4},"end":{"line":20,"column":71}},"6":{"start":{"line":23,"column":2},"end":{"line":26,"column":4}},"7":{"start":{"line":33,"column":2},"end":{"line":33,"column":66}},"8":{"start":{"line":40,"column":2},"end":{"line":40,"column":64}},"9":{"start":{"line":48,"column":19},"end":{"line":51,"column":3}},"10":{"start":{"line":52,"column":2},"end":{"line":52,"column":65}},"11":{"start":{"line":52,"column":16},"end":{"line":52,"column":65}},"12":{"start":{"line":53,"column":2},"end":{"line":53,"column":20}},"13":{"start":{"line":60,"column":2},"end":{"line":60,"column":33}},"14":{"start":{"line":63,"column":0},"end":{"line":69,"column":2}}},"fnMap":{"0":{"name":"registerAndLogin","decl":{"start":{"line":10,"column":15},"end":{"line":10,"column":31}},"loc":{"start":{"line":14,"column":3},"end":{"line":27,"column":1}},"line":14},"1":{"name":"cleanupUser","decl":{"start":{"line":32,"column":15},"end":{"line":32,"column":26}},"loc":{"start":{"line":32,"column":34},"end":{"line":34,"column":1}},"line":32},"2":{"name":"cleanupUserById","decl":{"start":{"line":39,"column":15},"end":{"line":39,"column":30}},"loc":{"start":{"line":39,"column":39},"end":{"line":41,"column":1}},"line":39},"3":{"name":"getDefaultCategoryId","decl":{"start":{"line":47,"column":15},"end":{"line":47,"column":35}},"loc":{"start":{"line":47,"column":49},"end":{"line":54,"column":1}},"line":47},"4":{"name":"authHeader","decl":{"start":{"line":59,"column":9},"end":{"line":59,"column":19}},"loc":{"start":{"line":59,"column":33},"end":{"line":61,"column":1}},"line":59}},"branchMap":{"0":{"loc":{"start":{"line":12,"column":2},"end":{"line":12,"column":26}},"type":"default-arg","locations":[{"start":{"line":12,"column":13},"end":{"line":12,"column":26}}],"line":12},"1":{"loc":{"start":{"line":13,"column":2},"end":{"line":13,"column":17}},"type":"default-arg","locations":[{"start":{"line":13,"column":9},"end":{"line":13,"column":17}}],"line":13},"2":{"loc":{"start":{"line":19,"column":2},"end":{"line":21,"column":3}},"type":"if","locations":[{"start":{"line":19,"column":2},"end":{"line":21,"column":3}},{"start":{},"end":{}}],"line":19},"3":{"loc":{"start":{"line":47,"column":36},"end":{"line":47,"column":47}},"type":"default-arg","locations":[{"start":{"line":47,"column":43},"end":{"line":47,"column":47}}],"line":47},"4":{"loc":{"start":{"line":52,"column":2},"end":{"line":52,"column":65}},"type":"if","locations":[{"start":{"line":52,"column":2},"end":{"line":52,"column":65}},{"start":{},"end":{}}],"line":52}},"s":{"0":4,"1":4,"2":4,"3":5,"4":5,"5":0,"6":5,"7":6,"8":0,"9":2,"10":2,"11":0,"12":2,"13":0,"14":4},"f":{"0":5,"1":6,"2":0,"3":2,"4":0},"b":{"0":[5],"1":[3],"2":[0,5],"3":[0],"4":[0,2]},"_coverageSchema":"1a1c01bbd47fc00a2c39e90264f33305004495a9","hash":"7d9b89f953cef06659c2f82f1f3af5818f5b5ca0"}
}
