TN:
SF:src\app.js
FN:22,(anonymous_0)
FNF:1
FNH:1
FNDA:8,(anonymous_0)
DA:3,5
DA:4,5
DA:5,5
DA:6,5
DA:7,5
DA:8,5
DA:9,5
DA:10,5
DA:11,5
DA:13,5
DA:15,5
DA:20,5
DA:22,5
DA:23,8
DA:26,5
DA:29,5
DA:30,5
DA:31,5
DA:32,5
DA:35,5
DA:37,5
LF:21
LH:21
BRDA:16,0,0,5
BRDA:16,0,1,0
BRF:2
BRH:1
end_of_record
TN:
SF:src\config\database.js
FNF:0
FNH:0
DA:3,12
DA:5,12
DA:7,12
DA:8,12
DA:9,0
DA:10,0
DA:14,12
DA:15,12
DA:16,0
DA:17,0
DA:20,12
LF:11
LH:7
BRDA:8,0,0,0
BRDA:8,0,1,12
BRDA:15,1,0,0
BRDA:15,1,1,12
BRDA:15,2,0,12
BRDA:15,2,1,12
BRDA:22,3,0,12
BRDA:22,3,1,0
BRDA:23,4,0,12
BRDA:23,4,1,0
BRDA:24,5,0,12
BRDA:24,5,1,0
BRF:12
BRH:7
end_of_record
TN:
SF:src\constants\constants.js
FNF:0
FNH:0
DA:3,19
DA:16,19
DA:25,19
DA:29,19
DA:34,19
DA:36,19
LF:6
LH:6
BRF:0
BRH:0
end_of_record
TN:
SF:src\controllers\authController.js
FN:6,register
FN:17,login
FN:28,logout
FNF:3
FNH:3
FNDA:13,register
FNDA:10,login
FNDA:5,logout
DA:3,6
DA:4,6
DA:7,13
DA:8,13
DA:9,13
DA:10,10
DA:11,10
DA:13,3
DA:18,10
DA:19,10
DA:20,10
DA:21,6
DA:22,6
DA:24,4
DA:29,5
DA:30,5
DA:31,5
DA:32,5
DA:34,0
DA:38,6
LF:20
LH:19
BRF:0
BRH:0
end_of_record
TN:
SF:src\controllers\categoryController.js
FN:6,getCategories
FN:17,createCategory
FNF:2
FNH:2
FNDA:9,getCategories
FNDA:12,createCategory
DA:3,6
DA:4,6
DA:7,9
DA:8,9
DA:9,9
DA:10,9
DA:11,9
DA:13,0
DA:18,12
DA:19,12
DA:20,12
DA:21,5
DA:22,5
DA:24,7
DA:28,6
LF:15
LH:14
BRDA:10,0,0,9
BRDA:10,0,1,9
BRF:2
BRH:2
end_of_record
TN:
SF:src\controllers\todoController.js
FN:6,getTodos
FN:17,createTodo
FN:28,updateTodo
FN:39,completeTodo
FN:50,deleteTodo
FNF:5
FNH:5
FNDA:10,getTodos
FNDA:13,createTodo
FNDA:9,updateTodo
FNDA:8,completeTodo
FNDA:10,deleteTodo
DA:3,6
DA:4,6
DA:7,10
DA:8,10
DA:9,10
DA:10,10
DA:11,10
DA:13,0
DA:18,13
DA:19,13
DA:20,13
DA:21,10
DA:22,10
DA:24,3
DA:29,9
DA:30,9
DA:31,9
DA:32,4
DA:33,4
DA:35,5
DA:40,8
DA:41,8
DA:42,8
DA:43,5
DA:44,5
DA:46,3
DA:51,10
DA:52,10
DA:53,10
DA:54,4
DA:55,4
DA:57,6
DA:61,6
LF:33
LH:32
BRDA:10,0,0,10
BRDA:10,0,1,10
BRDA:10,0,2,0
BRF:3
BRH:2
end_of_record
TN:
SF:src\controllers\userController.js
FN:6,getMe
FN:16,updatePreferences
FN:27,deleteMe
FNF:3
FNH:2
FNDA:10,getMe
FNDA:0,updatePreferences
FNDA:8,deleteMe
DA:3,6
DA:4,6
DA:7,10
DA:8,10
DA:9,7
DA:10,7
DA:12,3
DA:17,0
DA:18,0
DA:19,0
DA:20,0
DA:21,0
DA:23,0
DA:28,8
DA:29,8
DA:30,5
DA:32,3
DA:36,6
LF:18
LH:12
BRF:0
BRH:0
end_of_record
TN:
SF:src\db\pool.js
FN:7,(anonymous_0)
FN:16,(anonymous_1)
FN:20,withTransaction
FNF:3
FNH:1
FNDA:12,(anonymous_0)
FNDA:0,(anonymous_1)
FNDA:0,withTransaction
DA:3,12
DA:4,12
DA:7,12
DA:9,12
DA:16,12
DA:17,0
DA:21,0
DA:22,0
DA:23,0
DA:24,0
DA:25,0
DA:26,0
DA:28,0
DA:29,0
DA:31,0
DA:35,12
LF:16
LH:6
BRF:0
BRH:0
end_of_record
TN:
SF:src\middlewares\auth.js
FN:7,authenticate
FNF:1
FNH:1
FNDA:150,authenticate
DA:3,10
DA:4,10
DA:5,10
DA:8,150
DA:10,150
DA:11,30
DA:12,30
DA:21,120
DA:23,120
DA:24,120
DA:25,116
DA:26,116
DA:27,116
DA:29,4
DA:30,4
DA:40,10
LF:16
LH:16
BRDA:10,0,0,30
BRDA:10,0,1,120
BRDA:10,1,0,150
BRDA:10,1,1,126
BRF:4
BRH:4
end_of_record
TN:
SF:src\middlewares\errorHandler.js
FN:6,(anonymous_0)
FN:15,errorHandler
FNF:2
FNH:2
FNDA:158,(anonymous_0)
FNDA:111,errorHandler
DA:3,18
DA:7,158
DA:8,158
DA:9,158
DA:10,158
DA:16,111
DA:17,103
DA:18,103
DA:24,103
DA:25,35
DA:27,103
DA:31,8
DA:32,8
DA:33,8
DA:40,8
DA:41,7
DA:44,8
DA:47,18
LF:18
LH:18
BRDA:16,0,0,103
BRDA:16,0,1,8
BRDA:24,1,0,35
BRDA:24,1,1,68
BRDA:40,2,0,7
BRDA:40,2,1,1
BRF:6
BRH:6
end_of_record
TN:
SF:src\middlewares\validate.js
FN:6,validate
FN:7,(anonymous_1)
FN:12,(anonymous_2)
FN:29,(anonymous_3)
FNF:4
FNH:4
FNDA:56,validate
FNDA:113,(anonymous_1)
FNDA:46,(anonymous_2)
FNDA:20,(anonymous_3)
DA:3,10
DA:4,10
DA:7,56
DA:8,113
DA:9,113
DA:11,113
DA:12,46
DA:16,41
DA:21,41
DA:22,41
DA:27,72
DA:28,12
DA:29,20
DA:33,60
DA:36,72
DA:40,10
LF:16
LH:16
BRDA:6,0,0,36
BRDA:8,1,0,18
BRDA:8,1,1,95
BRDA:11,2,0,41
BRDA:11,2,1,72
BRDA:27,3,0,12
BRDA:27,3,1,60
BRF:7
BRH:7
end_of_record
TN:
SF:src\middlewares\schemas\auth.schema.js
FNF:0
FNH:0
DA:3,7
DA:5,7
DA:18,7
DA:23,7
LF:4
LH:4
BRF:0
BRH:0
end_of_record
TN:
SF:src\middlewares\schemas\category.schema.js
FNF:0
FNH:0
DA:3,7
DA:5,7
DA:9,7
LF:3
LH:3
BRF:0
BRH:0
end_of_record
TN:
SF:src\middlewares\schemas\todo.schema.js
FN:26,(anonymous_0)
FNF:1
FNH:1
FNDA:25,(anonymous_0)
DA:3,7
DA:5,7
DA:12,7
DA:19,7
DA:27,25
DA:28,4
DA:30,21
DA:35,7
LF:8
LH:8
BRDA:27,0,0,4
BRDA:27,0,1,21
BRDA:27,1,0,25
BRDA:27,1,1,7
BRDA:27,1,2,6
BRF:5
BRH:5
end_of_record
TN:
SF:src\middlewares\schemas\user.schema.js
FNF:0
FNH:0
DA:3,6
DA:5,6
DA:12,6
LF:3
LH:3
BRF:0
BRH:0
end_of_record
TN:
SF:src\repositories\categoryRepository.js
FN:5,findAllByUser
FN:17,findByNameAndUser
FN:26,create
FN:37,findDefaultGeneralCategory
FN:46,findAccessible
FNF:5
FNH:5
FNDA:9,findAllByUser
FNDA:9,findByNameAndUser
FNDA:6,create
FNDA:5,findDefaultGeneralCategory
FNDA:4,findAccessible
DA:3,8
DA:6,9
DA:14,9
DA:18,9
DA:23,9
DA:27,6
DA:34,6
DA:38,5
DA:43,5
DA:47,4
DA:52,4
DA:55,8
LF:12
LH:12
BRDA:23,0,0,9
BRDA:23,0,1,5
BRDA:43,1,0,5
BRDA:43,1,1,3
BRDA:52,2,0,4
BRDA:52,2,1,2
BRF:6
BRH:6
end_of_record
TN:
SF:src\repositories\todoRepository.js
FN:26,find
FN:73,create
FN:83,findById
FN:88,update
FN:120,deleteById
FNF:5
FNH:5
FNDA:22,find
FNDA:11,create
FNDA:31,findById
FNDA:8,update
FNDA:3,deleteById
DA:3,8
DA:5,8
DA:27,22
DA:28,22
DA:29,22
DA:31,22
DA:32,3
DA:33,3
DA:35,22
DA:36,3
DA:37,3
DA:39,22
DA:40,1
DA:41,1
DA:43,22
DA:44,1
DA:45,1
DA:48,22
DA:50,22
DA:54,22
DA:56,22
DA:57,22
DA:62,22
DA:74,11
DA:80,11
DA:84,31
DA:85,31
DA:89,8
DA:90,8
DA:91,8
DA:93,8
DA:102,8
DA:103,48
DA:104,12
DA:105,12
DA:109,8
DA:110,8
DA:112,8
DA:117,8
DA:121,3
DA:124,8
LF:41
LH:41
BRDA:26,0,0,15
BRDA:26,1,0,15
BRDA:31,2,0,3
BRDA:31,2,1,19
BRDA:35,3,0,3
BRDA:35,3,1,19
BRDA:39,4,0,1
BRDA:39,4,1,21
BRDA:43,5,0,1
BRDA:43,5,1,21
BRDA:68,6,0,22
BRDA:68,6,1,2
BRDA:78,7,0,11
BRDA:78,7,1,7
BRDA:78,8,0,11
BRDA:78,8,1,6
BRDA:85,9,0,31
BRDA:85,9,1,3
BRDA:103,10,0,12
BRDA:103,10,1,36
BRF:20
BRH:20
end_of_record
TN:
SF:src\repositories\userRepository.js
FN:5,findByEmail
FN:15,create
FN:26,findById
FN:36,updateTheme
FN:47,deleteById
FNF:5
FNH:4
FNDA:15,findByEmail
FNDA:9,create
FNDA:8,findById
FNDA:0,updateTheme
FNDA:4,deleteById
DA:3,10
DA:6,15
DA:12,15
DA:16,9
DA:23,9
DA:27,8
DA:33,8
DA:37,0
DA:44,0
DA:48,4
DA:51,10
LF:11
LH:9
BRDA:12,0,0,15
BRDA:12,0,1,8
BRDA:33,1,0,8
BRDA:33,1,1,2
BRDA:44,2,0,0
BRDA:44,2,1,0
BRF:6
BRH:4
end_of_record
TN:
SF:src\routes\auth.routes.js
FNF:0
FNH:0
DA:3,6
DA:4,6
DA:5,6
DA:6,6
DA:7,6
DA:9,6
DA:11,6
DA:12,6
DA:13,6
DA:15,6
LF:10
LH:10
BRF:0
BRH:0
end_of_record
TN:
SF:src\routes\category.routes.js
FNF:0
FNH:0
DA:3,6
DA:4,6
DA:5,6
DA:6,6
DA:7,6
DA:9,6
DA:11,6
DA:13,6
DA:14,6
DA:16,6
LF:10
LH:10
BRF:0
BRH:0
end_of_record
TN:
SF:src\routes\todo.routes.js
FNF:0
FNH:0
DA:3,6
DA:4,6
DA:5,6
DA:6,6
DA:11,6
DA:13,6
DA:16,6
DA:18,6
DA:19,6
DA:20,6
DA:21,6
DA:22,6
DA:24,6
LF:13
LH:13
BRF:0
BRH:0
end_of_record
TN:
SF:src\routes\user.routes.js
FNF:0
FNH:0
DA:3,6
DA:4,6
DA:5,6
DA:6,6
DA:7,6
DA:9,6
DA:11,6
DA:13,6
DA:14,6
DA:15,6
DA:17,6
LF:11
LH:11
BRF:0
BRH:0
end_of_record
TN:
SF:src\services\authService.js
FN:9,formatUser
FN:19,register
FN:32,login
FN:57,logout
FNF:4
FNH:4
FNDA:20,formatUser
FNDA:17,register
FNDA:15,login
FNDA:3,logout
DA:3,7
DA:4,7
DA:5,7
DA:6,7
DA:7,7
DA:10,20
DA:20,17
DA:21,17
DA:22,4
DA:25,13
DA:26,13
DA:27,13
DA:29,13
DA:33,15
DA:35,15
DA:36,4
DA:43,11
DA:44,11
DA:45,4
DA:52,7
DA:54,7
DA:58,3
DA:61,7
LF:23
LH:23
BRDA:21,0,0,4
BRDA:21,0,1,13
BRDA:35,1,0,4
BRDA:35,1,1,11
BRDA:44,2,0,4
BRDA:44,2,1,7
BRF:6
BRH:6
end_of_record
TN:
SF:src\services\categoryService.js
FN:7,getCategories
FN:12,createCategory
FN:34,validateCategoryAccess
FNF:3
FNH:3
FNDA:8,getCategories
FNDA:17,createCategory
FNDA:5,validateCategoryAccess
DA:3,7
DA:4,7
DA:5,7
DA:8,8
DA:9,8
DA:14,17
DA:17,17
DA:18,4
DA:26,13
DA:27,13
DA:28,7
DA:31,6
DA:35,5
DA:36,5
DA:37,3
DA:45,7
LF:16
LH:16
BRDA:17,0,0,4
BRDA:17,0,1,13
BRDA:27,1,0,7
BRDA:27,1,1,6
BRDA:36,2,0,3
BRDA:36,2,1,2
BRF:6
BRH:6
end_of_record
TN:
SF:src\services\todoService.js
FN:13,validateCategoryAccess
FN:30,createTodo
FN:49,getTodos
FN:56,updateTodo
FN:86,completeTodo
FN:107,deleteTodo
FNF:6
FNH:6
FNDA:16,validateCategoryAccess
FNDA:16,createTodo
FNDA:8,getTodos
FNDA:10,updateTodo
FNDA:9,completeTodo
FNDA:9,deleteTodo
DA:3,7
DA:4,7
DA:5,7
DA:6,7
DA:7,7
DA:14,16
DA:18,16
DA:19,3
DA:32,16
DA:33,3
DA:41,13
DA:43,11
DA:50,8
DA:58,10
DA:59,10
DA:60,2
DA:62,8
DA:63,2
DA:67,6
DA:68,1
DA:76,5
DA:77,3
DA:80,4
DA:88,9
DA:89,9
DA:90,2
DA:92,7
DA:93,2
DA:97,5
DA:98,5
DA:109,9
DA:110,9
DA:111,3
DA:113,6
DA:114,3
DA:117,3
DA:120,7
LF:37
LH:37
BRDA:18,0,0,3
BRDA:18,0,1,13
BRDA:32,1,0,3
BRDA:32,1,1,13
BRDA:32,2,0,16
BRDA:32,2,1,10
BRDA:59,3,0,2
BRDA:59,3,1,8
BRDA:62,4,0,2
BRDA:62,4,1,6
BRDA:67,5,0,1
BRDA:67,5,1,5
BRDA:67,6,0,6
BRDA:67,6,1,1
BRDA:76,7,0,3
BRDA:76,7,1,2
BRDA:89,8,0,2
BRDA:89,8,1,7
BRDA:92,9,0,2
BRDA:92,9,1,5
BRDA:100,10,0,3
BRDA:100,10,1,2
BRDA:110,11,0,3
BRDA:110,11,1,6
BRDA:113,12,0,3
BRDA:113,12,1,3
BRF:26
BRH:26
end_of_record
TN:
SF:src\services\userService.js
FN:7,getMe
FN:15,updatePreferences
FN:23,deleteMe
FNF:3
FNH:2
FNDA:12,getMe
FNDA:0,updatePreferences
FNDA:6,deleteMe
DA:3,7
DA:4,7
DA:5,7
DA:8,12
DA:9,12
DA:10,5
DA:12,7
DA:16,0
DA:17,0
DA:18,0
DA:20,0
DA:24,6
DA:27,7
LF:13
LH:9
BRDA:9,0,0,5
BRDA:9,0,1,7
BRDA:17,1,0,0
BRDA:17,1,1,0
BRF:4
BRH:2
end_of_record
TN:
SF:src\utils\dateUtils.js
FN:3,isDateTodayOrFuture
FNF:1
FNH:1
FNDA:12,isDateTodayOrFuture
DA:4,12
DA:5,12
DA:6,12
DA:7,12
DA:8,12
DA:11,8
LF:6
LH:6
BRF:0
BRH:0
end_of_record
TN:
SF:src\utils\passwordUtils.js
FN:5,hashPassword
FN:10,comparePassword
FNF:2
FNH:2
FNDA:13,hashPassword
FNDA:8,comparePassword
DA:3,8
DA:6,13
DA:7,13
DA:11,8
DA:14,8
LF:5
LH:5
BRDA:6,0,0,13
BRDA:6,0,1,2
BRF:2
BRH:2
end_of_record
TN:
SF:src\utils\tokenUtils.js
FN:5,generateToken
FN:11,verifyToken
FNF:2
FNH:2
FNDA:13,generateToken
FNDA:45,verifyToken
DA:3,12
DA:6,13
DA:12,45
DA:15,12
LF:4
LH:4
BRDA:7,0,0,13
BRDA:7,0,1,1
BRF:2
BRH:2
end_of_record
TN:
SF:test\helpers\setup.js
FN:10,registerAndLogin
FN:32,cleanupUser
FN:39,cleanupUserById
FN:47,getDefaultCategoryId
FN:59,authHeader
FNF:5
FNH:3
FNDA:5,registerAndLogin
FNDA:6,cleanupUser
FNDA:0,cleanupUserById
FNDA:2,getDefaultCategoryId
FNDA:0,authHeader
DA:3,4
DA:4,4
DA:5,4
DA:15,5
DA:19,5
DA:20,0
DA:23,5
DA:33,6
DA:40,0
DA:48,2
DA:52,2
DA:53,2
DA:60,0
DA:63,4
LF:14
LH:11
BRDA:12,0,0,5
BRDA:13,1,0,3
BRDA:19,2,0,0
BRDA:19,2,1,5
BRDA:47,3,0,0
BRDA:52,4,0,0
BRDA:52,4,1,2
BRF:7
BRH:4
end_of_record
